[  0%] Built target geometry_msgs_generate_messages_py
[  0%] Built target std_msgs_generate_messages_py
[  0%] Built target diagnostic_msgs_generate_messages_py
[  0%] Built target _carla_msgs_generate_messages_check_deps_CarlaActorList
[  0%] Built target _carla_msgs_generate_messages_check_deps_CarlaControl
[  0%] Built target _carla_msgs_generate_messages_check_deps_GetBlueprints
[  0%] Built target _carla_msgs_generate_messages_check_deps_CarlaEgoVehicleStatus
[  0%] Built target _carla_msgs_generate_messages_check_deps_CarlaActorInfo
[  0%] Built target _carla_msgs_generate_messages_check_deps_CarlaTrafficLightStatusList
[  0%] Built target _carla_msgs_generate_messages_check_deps_CarlaEgoVehicleInfo
[  0%] Built target _carla_msgs_generate_messages_check_deps_CarlaBoundingBox
[  0%] Built target _carla_msgs_generate_messages_check_deps_CarlaWeatherParameters
[  0%] Built target _carla_msgs_generate_messages_check_deps_CarlaLaneInvasionEvent
[  0%] Built target _carla_msgs_generate_messages_check_deps_CarlaTrafficLightInfoList
[  0%] Built target _carla_msgs_generate_messages_check_deps_CarlaWorldInfo
[  0%] Built target _carla_msgs_generate_messages_check_deps_SpawnObject
[  0%] Built target std_msgs_generate_messages_cpp
[  0%] Built target _carla_msgs_generate_messages_check_deps_CarlaWalkerControl
[  0%] Built target diagnostic_msgs_generate_messages_cpp
[  0%] Built target geometry_msgs_generate_messages_cpp
[  0%] Built target geometry_msgs_generate_messages_eus
[  0%] Built target std_msgs_generate_messages_eus
[  0%] Built target diagnostic_msgs_generate_messages_eus
[  0%] Built target std_msgs_generate_messages_lisp
[  0%] Built target diagnostic_msgs_generate_messages_lisp
[  0%] Built target std_msgs_generate_messages_nodejs
[  0%] Built target _carla_msgs_generate_messages_check_deps_CarlaEgoVehicleInfoWheel
[  0%] Built target geometry_msgs_generate_messages_nodejs
[  0%] Built target geometry_msgs_generate_messages_lisp
[  0%] Built target diagnostic_msgs_generate_messages_nodejs
[  0%] Built target _carla_msgs_generate_messages_check_deps_CarlaCollisionEvent
[  0%] Built target _carla_msgs_generate_messages_check_deps_CarlaStatus
[  0%] Built target _carla_msgs_generate_messages_check_deps_DestroyObject
[  0%] Built target _carla_msgs_generate_messages_check_deps_CarlaTrafficLightInfo
[  0%] Built target _carla_msgs_generate_messages_check_deps_CarlaTrafficLightStatus
[  0%] Built target _carla_msgs_generate_messages_check_deps_CarlaEgoVehicleControl
[ 21%] Built target carla_msgs_generate_messages_py
[ 40%] Built target carla_msgs_generate_messages_cpp
[ 61%] Built target carla_msgs_generate_messages_eus
[ 80%] Built target carla_msgs_generate_messages_lisp
[100%] Built target carla_msgs_generate_messages_nodejs
[100%] Built target carla_msgs_generate_messages
