Linked: (/home/hmc/usafe_ws/devel/.private/ackermann_msgs/lib/python2.7/dist-packages/ackermann_msgs/__init__.py, /home/hmc/usafe_ws/devel/lib/python2.7/dist-packages/ackermann_msgs/__init__.py)
Linked: (/home/hmc/usafe_ws/devel/.private/ackermann_msgs/lib/python2.7/dist-packages/ackermann_msgs/msg/_AckermannDrive.py, /home/hmc/usafe_ws/devel/lib/python2.7/dist-packages/ackermann_msgs/msg/_AckermannDrive.py)
Linked: (/home/hmc/usafe_ws/devel/.private/ackermann_msgs/lib/python2.7/dist-packages/ackermann_msgs/msg/_AckermannDriveStamped.py, /home/hmc/usafe_ws/devel/lib/python2.7/dist-packages/ackermann_msgs/msg/_AckermannDriveStamped.py)
Linked: (/home/hmc/usafe_ws/devel/.private/ackermann_msgs/lib/python2.7/dist-packages/ackermann_msgs/msg/__init__.py, /home/hmc/usafe_ws/devel/lib/python2.7/dist-packages/ackermann_msgs/msg/__init__.py)
Linked: (/home/hmc/usafe_ws/devel/.private/ackermann_msgs/lib/pkgconfig/ackermann_msgs.pc, /home/hmc/usafe_ws/devel/lib/pkgconfig/ackermann_msgs.pc)
Linked: (/home/hmc/usafe_ws/devel/.private/ackermann_msgs/include/ackermann_msgs/AckermannDrive.h, /home/hmc/usafe_ws/devel/include/ackermann_msgs/AckermannDrive.h)
Linked: (/home/hmc/usafe_ws/devel/.private/ackermann_msgs/include/ackermann_msgs/AckermannDriveStamped.h, /home/hmc/usafe_ws/devel/include/ackermann_msgs/AckermannDriveStamped.h)
Linked: (/home/hmc/usafe_ws/devel/.private/ackermann_msgs/share/roseus/ros/ackermann_msgs/manifest.l, /home/hmc/usafe_ws/devel/share/roseus/ros/ackermann_msgs/manifest.l)
Linked: (/home/hmc/usafe_ws/devel/.private/ackermann_msgs/share/roseus/ros/ackermann_msgs/msg/AckermannDrive.l, /home/hmc/usafe_ws/devel/share/roseus/ros/ackermann_msgs/msg/AckermannDrive.l)
Linked: (/home/hmc/usafe_ws/devel/.private/ackermann_msgs/share/roseus/ros/ackermann_msgs/msg/AckermannDriveStamped.l, /home/hmc/usafe_ws/devel/share/roseus/ros/ackermann_msgs/msg/AckermannDriveStamped.l)
Linked: (/home/hmc/usafe_ws/devel/.private/ackermann_msgs/share/ackermann_msgs/cmake/ackermann_msgs-msg-extras.cmake, /home/hmc/usafe_ws/devel/share/ackermann_msgs/cmake/ackermann_msgs-msg-extras.cmake)
Linked: (/home/hmc/usafe_ws/devel/.private/ackermann_msgs/share/ackermann_msgs/cmake/ackermann_msgsConfig.cmake, /home/hmc/usafe_ws/devel/share/ackermann_msgs/cmake/ackermann_msgsConfig.cmake)
Linked: (/home/hmc/usafe_ws/devel/.private/ackermann_msgs/share/ackermann_msgs/cmake/ackermann_msgsConfig-version.cmake, /home/hmc/usafe_ws/devel/share/ackermann_msgs/cmake/ackermann_msgsConfig-version.cmake)
Linked: (/home/hmc/usafe_ws/devel/.private/ackermann_msgs/share/ackermann_msgs/cmake/ackermann_msgs-msg-paths.cmake, /home/hmc/usafe_ws/devel/share/ackermann_msgs/cmake/ackermann_msgs-msg-paths.cmake)
Linked: (/home/hmc/usafe_ws/devel/.private/ackermann_msgs/share/common-lisp/ros/ackermann_msgs/msg/_package.lisp, /home/hmc/usafe_ws/devel/share/common-lisp/ros/ackermann_msgs/msg/_package.lisp)
Linked: (/home/hmc/usafe_ws/devel/.private/ackermann_msgs/share/common-lisp/ros/ackermann_msgs/msg/AckermannDriveStamped.lisp, /home/hmc/usafe_ws/devel/share/common-lisp/ros/ackermann_msgs/msg/AckermannDriveStamped.lisp)
Linked: (/home/hmc/usafe_ws/devel/.private/ackermann_msgs/share/common-lisp/ros/ackermann_msgs/msg/ackermann_msgs-msg.asd, /home/hmc/usafe_ws/devel/share/common-lisp/ros/ackermann_msgs/msg/ackermann_msgs-msg.asd)
Linked: (/home/hmc/usafe_ws/devel/.private/ackermann_msgs/share/common-lisp/ros/ackermann_msgs/msg/_package_AckermannDriveStamped.lisp, /home/hmc/usafe_ws/devel/share/common-lisp/ros/ackermann_msgs/msg/_package_AckermannDriveStamped.lisp)
Linked: (/home/hmc/usafe_ws/devel/.private/ackermann_msgs/share/common-lisp/ros/ackermann_msgs/msg/AckermannDrive.lisp, /home/hmc/usafe_ws/devel/share/common-lisp/ros/ackermann_msgs/msg/AckermannDrive.lisp)
Linked: (/home/hmc/usafe_ws/devel/.private/ackermann_msgs/share/common-lisp/ros/ackermann_msgs/msg/_package_AckermannDrive.lisp, /home/hmc/usafe_ws/devel/share/common-lisp/ros/ackermann_msgs/msg/_package_AckermannDrive.lisp)
Linked: (/home/hmc/usafe_ws/devel/.private/ackermann_msgs/share/gennodejs/ros/ackermann_msgs/_index.js, /home/hmc/usafe_ws/devel/share/gennodejs/ros/ackermann_msgs/_index.js)
Linked: (/home/hmc/usafe_ws/devel/.private/ackermann_msgs/share/gennodejs/ros/ackermann_msgs/msg/AckermannDriveStamped.js, /home/hmc/usafe_ws/devel/share/gennodejs/ros/ackermann_msgs/msg/AckermannDriveStamped.js)
Linked: (/home/hmc/usafe_ws/devel/.private/ackermann_msgs/share/gennodejs/ros/ackermann_msgs/msg/AckermannDrive.js, /home/hmc/usafe_ws/devel/share/gennodejs/ros/ackermann_msgs/msg/AckermannDrive.js)
Linked: (/home/hmc/usafe_ws/devel/.private/ackermann_msgs/share/gennodejs/ros/ackermann_msgs/msg/_index.js, /home/hmc/usafe_ws/devel/share/gennodejs/ros/ackermann_msgs/msg/_index.js)
