Symlinking /home/hmc/usafe_ws/devel/lib/python2.7/dist-packages/ackermann_msgs/__init__.py
Symlinking /home/hmc/usafe_ws/devel/lib/python2.7/dist-packages/ackermann_msgs/msg/_AckermannDrive.py
Symlinking /home/hmc/usafe_ws/devel/lib/python2.7/dist-packages/ackermann_msgs/msg/_AckermannDriveStamped.py
Symlinking /home/hmc/usafe_ws/devel/lib/python2.7/dist-packages/ackermann_msgs/msg/__init__.py
Symlinking /home/hmc/usafe_ws/devel/lib/pkgconfig/ackermann_msgs.pc
Symlinking /home/hmc/usafe_ws/devel/include/ackermann_msgs/AckermannDrive.h
Symlinking /home/hmc/usafe_ws/devel/include/ackermann_msgs/AckermannDriveStamped.h
Symlinking /home/hmc/usafe_ws/devel/share/roseus/ros/ackermann_msgs/manifest.l
Symlinking /home/hmc/usafe_ws/devel/share/roseus/ros/ackermann_msgs/msg/AckermannDrive.l
Symlinking /home/hmc/usafe_ws/devel/share/roseus/ros/ackermann_msgs/msg/AckermannDriveStamped.l
Symlinking /home/hmc/usafe_ws/devel/share/ackermann_msgs/cmake/ackermann_msgs-msg-extras.cmake
Symlinking /home/hmc/usafe_ws/devel/share/ackermann_msgs/cmake/ackermann_msgsConfig.cmake
Symlinking /home/hmc/usafe_ws/devel/share/ackermann_msgs/cmake/ackermann_msgsConfig-version.cmake
Symlinking /home/hmc/usafe_ws/devel/share/ackermann_msgs/cmake/ackermann_msgs-msg-paths.cmake
Symlinking /home/hmc/usafe_ws/devel/share/common-lisp/ros/ackermann_msgs/msg/_package.lisp
Symlinking /home/hmc/usafe_ws/devel/share/common-lisp/ros/ackermann_msgs/msg/AckermannDriveStamped.lisp
Symlinking /home/hmc/usafe_ws/devel/share/common-lisp/ros/ackermann_msgs/msg/ackermann_msgs-msg.asd
Symlinking /home/hmc/usafe_ws/devel/share/common-lisp/ros/ackermann_msgs/msg/_package_AckermannDriveStamped.lisp
Symlinking /home/hmc/usafe_ws/devel/share/common-lisp/ros/ackermann_msgs/msg/AckermannDrive.lisp
Symlinking /home/hmc/usafe_ws/devel/share/common-lisp/ros/ackermann_msgs/msg/_package_AckermannDrive.lisp
Symlinking /home/hmc/usafe_ws/devel/share/gennodejs/ros/ackermann_msgs/_index.js
Symlinking /home/hmc/usafe_ws/devel/share/gennodejs/ros/ackermann_msgs/msg/AckermannDriveStamped.js
Symlinking /home/hmc/usafe_ws/devel/share/gennodejs/ros/ackermann_msgs/msg/AckermannDrive.js
Symlinking /home/hmc/usafe_ws/devel/share/gennodejs/ros/ackermann_msgs/msg/_index.js
