[  8%] Built target roscpp_generate_messages_lisp
[  8%] [34m[1mGenerating dynamic reconfigure files from cfg/Pid.cfg: /home/hmc/usafe_ws/devel/.private/pid/include/pid/PidConfig.h /home/hmc/usafe_ws/devel/.private/pid/lib/python2.7/dist-packages/pid/cfg/PidConfig.py[0m
[  8%] Built target rosgraph_msgs_generate_messages_cpp
[  8%] Built target roscpp_generate_messages_eus
[  8%] Built target geometry_msgs_generate_messages_lisp
[  8%] Built target roscpp_generate_messages_nodejs
[  8%] Built target roscpp_generate_messages_py
[  8%] Built target rosgraph_msgs_generate_messages_lisp
[  8%] Built target rosgraph_msgs_generate_messages_eus
[  8%] Built target sensor_msgs_generate_messages_cpp
[  8%] Built target roscpp_generate_messages_cpp
[  8%] Built target rosgraph_msgs_generate_messages_py
[  8%] Built target geometry_msgs_generate_messages_py
[  8%] Built target geometry_msgs_generate_messages_nodejs
[  8%] Built target rosgraph_msgs_generate_messages_nodejs
[  8%] Built target sensor_msgs_generate_messages_eus
[  8%] Built target sensor_msgs_generate_messages_nodejs
[  8%] Built target sensor_msgs_generate_messages_lisp
[  8%] Built target sensor_msgs_generate_messages_py
[  8%] Built target std_msgs_generate_messages_py
[  8%] Built target std_msgs_generate_messages_cpp
[  8%] Built target std_msgs_generate_messages_eus
[  8%] Built target dynamic_reconfigure_generate_messages_lisp
[  8%] Built target dynamic_reconfigure_generate_messages_eus
[  8%] Built target std_msgs_generate_messages_nodejs
[  8%] Built target dynamic_reconfigure_generate_messages_cpp
[  8%] Built target dynamic_reconfigure_generate_messages_py
[  8%] Built target std_msgs_generate_messages_lisp
[  8%] Built target dynamic_reconfigure_generate_messages_nodejs
[  8%] Built target dynamic_reconfigure_gencfg
[  8%] Built target hmcl_msgs_generate_messages_cpp
[  8%] Built target geometry_msgs_generate_messages_cpp
[  8%] Built target hmcl_msgs_generate_messages_nodejs
[  8%] Built target geometry_msgs_generate_messages_eus
[  8%] Built target hmcl_msgs_generate_messages_py
[  8%] Built target hmcl_msgs_generate_messages_eus
[  8%] Built target hmcl_msgs_generate_messages_lisp
Generating reconfiguration files for Pid in pid
Wrote header file in /home/hmc/usafe_ws/devel/.private/pid/include/pid/PidConfig.h
[  8%] Built target pid_gencfg
[ 16%] [32mBuilding CXX object CMakeFiles/controller.dir/src/controller.cpp.o[0m
[ 25%] [32mBuilding CXX object CMakeFiles/plant_sim.dir/src/plant_sim.cpp.o[0m
[ 33%] [32mBuilding CXX object CMakeFiles/controller.dir/src/pid.cpp.o[0m
[ 41%] [32mBuilding CXX object CMakeFiles/setpoint_node.dir/src/setpoint_node.cpp.o[0m
[ 50%] [32mBuilding CXX object CMakeFiles/autotune.dir/src/autotune.cpp.o[0m
[ 58%] [32mBuilding CXX object CMakeFiles/sim_time.dir/src/sim_time.cpp.o[0m
[ 66%] [32m[1mLinking CXX executable /home/hmc/usafe_ws/devel/.private/pid/lib/pid/sim_time[0m
[ 66%] Built target sim_time
[ 75%] [32m[1mLinking CXX executable /home/hmc/usafe_ws/devel/.private/pid/lib/pid/plant_sim[0m
[ 75%] Built target plant_sim
[ 83%] [32m[1mLinking CXX executable /home/hmc/usafe_ws/devel/.private/pid/lib/pid/autotune[0m
[ 83%] Built target autotune
[ 91%] [32m[1mLinking CXX executable /home/hmc/usafe_ws/devel/.private/pid/lib/pid/setpoint_node[0m
[ 91%] Built target setpoint_node
[100%] [32m[1mLinking CXX executable /home/hmc/usafe_ws/devel/.private/pid/lib/pid/controller[0m
[100%] Built target controller
