Symlinking /home/hmc/usafe_ws/devel/lib/python2.7/dist-packages/hmcl_msgs/__init__.py
Symlinking /home/hmc/usafe_ws/devel/lib/python2.7/dist-packages/hmcl_msgs/msg/_LaneArray.py
Symlinking /home/hmc/usafe_ws/devel/lib/python2.7/dist-packages/hmcl_msgs/msg/_VehicleStatus.py
Symlinking /home/hmc/usafe_ws/devel/lib/python2.7/dist-packages/hmcl_msgs/msg/_Trafficlight.py
Symlinking /home/hmc/usafe_ws/devel/lib/python2.7/dist-packages/hmcl_msgs/msg/_VehicleSCC.py
Symlinking /home/hmc/usafe_ws/devel/lib/python2.7/dist-packages/hmcl_msgs/msg/_BehaviorFactor.py
Symlinking /home/hmc/usafe_ws/devel/lib/python2.7/dist-packages/hmcl_msgs/msg/_VehicleSteering.py
Symlinking /home/hmc/usafe_ws/devel/lib/python2.7/dist-packages/hmcl_msgs/msg/_VehicleLight.py
Symlinking /home/hmc/usafe_ws/devel/lib/python2.7/dist-packages/hmcl_msgs/msg/_MissionWaypoint.py
Symlinking /home/hmc/usafe_ws/devel/lib/python2.7/dist-packages/hmcl_msgs/msg/_Waypoint.py
Symlinking /home/hmc/usafe_ws/devel/lib/python2.7/dist-packages/hmcl_msgs/msg/_VehicleGear.py
Symlinking /home/hmc/usafe_ws/devel/lib/python2.7/dist-packages/hmcl_msgs/msg/_RemoteButton.py
Symlinking /home/hmc/usafe_ws/devel/lib/python2.7/dist-packages/hmcl_msgs/msg/_Waypointhmcl.py
Symlinking /home/hmc/usafe_ws/devel/lib/python2.7/dist-packages/hmcl_msgs/msg/_CtrlVehicleStates.py
Symlinking /home/hmc/usafe_ws/devel/lib/python2.7/dist-packages/hmcl_msgs/msg/_WaypointArray.py
Symlinking /home/hmc/usafe_ws/devel/lib/python2.7/dist-packages/hmcl_msgs/msg/_TransitionCondition.py
Symlinking /home/hmc/usafe_ws/devel/lib/python2.7/dist-packages/hmcl_msgs/msg/_Lane.py
Symlinking /home/hmc/usafe_ws/devel/lib/python2.7/dist-packages/hmcl_msgs/msg/_DTLane.py
Symlinking /home/hmc/usafe_ws/devel/lib/python2.7/dist-packages/hmcl_msgs/msg/_VehicleWheelSpeed.py
Symlinking /home/hmc/usafe_ws/devel/lib/python2.7/dist-packages/hmcl_msgs/msg/__init__.py
Symlinking /home/hmc/usafe_ws/devel/lib/python2.7/dist-packages/hmcl_msgs/msg/_WaypointState.py
Symlinking /home/hmc/usafe_ws/devel/lib/pkgconfig/hmcl_msgs.pc
Symlinking /home/hmc/usafe_ws/devel/include/hmcl_msgs/Lane.h
Symlinking /home/hmc/usafe_ws/devel/include/hmcl_msgs/LaneArray.h
Symlinking /home/hmc/usafe_ws/devel/include/hmcl_msgs/VehicleGear.h
Symlinking /home/hmc/usafe_ws/devel/include/hmcl_msgs/VehicleLight.h
Symlinking /home/hmc/usafe_ws/devel/include/hmcl_msgs/BehaviorFactor.h
Symlinking /home/hmc/usafe_ws/devel/include/hmcl_msgs/DTLane.h
Symlinking /home/hmc/usafe_ws/devel/include/hmcl_msgs/MissionWaypoint.h
Symlinking /home/hmc/usafe_ws/devel/include/hmcl_msgs/Waypointhmcl.h
Symlinking /home/hmc/usafe_ws/devel/include/hmcl_msgs/TransitionCondition.h
Symlinking /home/hmc/usafe_ws/devel/include/hmcl_msgs/CtrlVehicleStates.h
Symlinking /home/hmc/usafe_ws/devel/include/hmcl_msgs/VehicleWheelSpeed.h
Symlinking /home/hmc/usafe_ws/devel/include/hmcl_msgs/WaypointArray.h
Symlinking /home/hmc/usafe_ws/devel/include/hmcl_msgs/Waypoint.h
Symlinking /home/hmc/usafe_ws/devel/include/hmcl_msgs/RemoteButton.h
Symlinking /home/hmc/usafe_ws/devel/include/hmcl_msgs/VehicleStatus.h
Symlinking /home/hmc/usafe_ws/devel/include/hmcl_msgs/WaypointState.h
Symlinking /home/hmc/usafe_ws/devel/include/hmcl_msgs/Trafficlight.h
Symlinking /home/hmc/usafe_ws/devel/include/hmcl_msgs/VehicleSCC.h
Symlinking /home/hmc/usafe_ws/devel/include/hmcl_msgs/VehicleSteering.h
Symlinking /home/hmc/usafe_ws/devel/share/roseus/ros/hmcl_msgs/manifest.l
Symlinking /home/hmc/usafe_ws/devel/share/roseus/ros/hmcl_msgs/msg/Waypoint.l
Symlinking /home/hmc/usafe_ws/devel/share/roseus/ros/hmcl_msgs/msg/WaypointState.l
Symlinking /home/hmc/usafe_ws/devel/share/roseus/ros/hmcl_msgs/msg/VehicleLight.l
Symlinking /home/hmc/usafe_ws/devel/share/roseus/ros/hmcl_msgs/msg/BehaviorFactor.l
Symlinking /home/hmc/usafe_ws/devel/share/roseus/ros/hmcl_msgs/msg/VehicleSCC.l
Symlinking /home/hmc/usafe_ws/devel/share/roseus/ros/hmcl_msgs/msg/VehicleGear.l
Symlinking /home/hmc/usafe_ws/devel/share/roseus/ros/hmcl_msgs/msg/TransitionCondition.l
Symlinking /home/hmc/usafe_ws/devel/share/roseus/ros/hmcl_msgs/msg/LaneArray.l
Symlinking /home/hmc/usafe_ws/devel/share/roseus/ros/hmcl_msgs/msg/DTLane.l
Symlinking /home/hmc/usafe_ws/devel/share/roseus/ros/hmcl_msgs/msg/RemoteButton.l
Symlinking /home/hmc/usafe_ws/devel/share/roseus/ros/hmcl_msgs/msg/Lane.l
Symlinking /home/hmc/usafe_ws/devel/share/roseus/ros/hmcl_msgs/msg/WaypointArray.l
Symlinking /home/hmc/usafe_ws/devel/share/roseus/ros/hmcl_msgs/msg/VehicleSteering.l
Symlinking /home/hmc/usafe_ws/devel/share/roseus/ros/hmcl_msgs/msg/VehicleStatus.l
Symlinking /home/hmc/usafe_ws/devel/share/roseus/ros/hmcl_msgs/msg/Waypointhmcl.l
Symlinking /home/hmc/usafe_ws/devel/share/roseus/ros/hmcl_msgs/msg/MissionWaypoint.l
Symlinking /home/hmc/usafe_ws/devel/share/roseus/ros/hmcl_msgs/msg/VehicleWheelSpeed.l
Symlinking /home/hmc/usafe_ws/devel/share/roseus/ros/hmcl_msgs/msg/Trafficlight.l
Symlinking /home/hmc/usafe_ws/devel/share/roseus/ros/hmcl_msgs/msg/CtrlVehicleStates.l
Symlinking /home/hmc/usafe_ws/devel/share/hmcl_msgs/cmake/hmcl_msgs-msg-paths.cmake
Symlinking /home/hmc/usafe_ws/devel/share/hmcl_msgs/cmake/hmcl_msgs-msg-extras.cmake
Symlinking /home/hmc/usafe_ws/devel/share/hmcl_msgs/cmake/hmcl_msgsConfig.cmake
Symlinking /home/hmc/usafe_ws/devel/share/hmcl_msgs/cmake/hmcl_msgsConfig-version.cmake
Symlinking /home/hmc/usafe_ws/devel/share/common-lisp/ros/hmcl_msgs/msg/VehicleSteering.lisp
Symlinking /home/hmc/usafe_ws/devel/share/common-lisp/ros/hmcl_msgs/msg/_package_Waypointhmcl.lisp
Symlinking /home/hmc/usafe_ws/devel/share/common-lisp/ros/hmcl_msgs/msg/hmcl_msgs-msg.asd
Symlinking /home/hmc/usafe_ws/devel/share/common-lisp/ros/hmcl_msgs/msg/DTLane.lisp
Symlinking /home/hmc/usafe_ws/devel/share/common-lisp/ros/hmcl_msgs/msg/LaneArray.lisp
Symlinking /home/hmc/usafe_ws/devel/share/common-lisp/ros/hmcl_msgs/msg/_package_WaypointArray.lisp
Symlinking /home/hmc/usafe_ws/devel/share/common-lisp/ros/hmcl_msgs/msg/_package_VehicleGear.lisp
Symlinking /home/hmc/usafe_ws/devel/share/common-lisp/ros/hmcl_msgs/msg/_package_VehicleWheelSpeed.lisp
Symlinking /home/hmc/usafe_ws/devel/share/common-lisp/ros/hmcl_msgs/msg/_package_WaypointState.lisp
Symlinking /home/hmc/usafe_ws/devel/share/common-lisp/ros/hmcl_msgs/msg/Trafficlight.lisp
Symlinking /home/hmc/usafe_ws/devel/share/common-lisp/ros/hmcl_msgs/msg/_package_RemoteButton.lisp
Symlinking /home/hmc/usafe_ws/devel/share/common-lisp/ros/hmcl_msgs/msg/VehicleSCC.lisp
Symlinking /home/hmc/usafe_ws/devel/share/common-lisp/ros/hmcl_msgs/msg/WaypointState.lisp
Symlinking /home/hmc/usafe_ws/devel/share/common-lisp/ros/hmcl_msgs/msg/Waypointhmcl.lisp
Symlinking /home/hmc/usafe_ws/devel/share/common-lisp/ros/hmcl_msgs/msg/_package_MissionWaypoint.lisp
Symlinking /home/hmc/usafe_ws/devel/share/common-lisp/ros/hmcl_msgs/msg/_package_Waypoint.lisp
Symlinking /home/hmc/usafe_ws/devel/share/common-lisp/ros/hmcl_msgs/msg/VehicleGear.lisp
Symlinking /home/hmc/usafe_ws/devel/share/common-lisp/ros/hmcl_msgs/msg/CtrlVehicleStates.lisp
Symlinking /home/hmc/usafe_ws/devel/share/common-lisp/ros/hmcl_msgs/msg/Lane.lisp
Symlinking /home/hmc/usafe_ws/devel/share/common-lisp/ros/hmcl_msgs/msg/_package_Lane.lisp
Symlinking /home/hmc/usafe_ws/devel/share/common-lisp/ros/hmcl_msgs/msg/_package_CtrlVehicleStates.lisp
Symlinking /home/hmc/usafe_ws/devel/share/common-lisp/ros/hmcl_msgs/msg/_package.lisp
Symlinking /home/hmc/usafe_ws/devel/share/common-lisp/ros/hmcl_msgs/msg/_package_TransitionCondition.lisp
Symlinking /home/hmc/usafe_ws/devel/share/common-lisp/ros/hmcl_msgs/msg/RemoteButton.lisp
Symlinking /home/hmc/usafe_ws/devel/share/common-lisp/ros/hmcl_msgs/msg/_package_VehicleStatus.lisp
Symlinking /home/hmc/usafe_ws/devel/share/common-lisp/ros/hmcl_msgs/msg/VehicleWheelSpeed.lisp
Symlinking /home/hmc/usafe_ws/devel/share/common-lisp/ros/hmcl_msgs/msg/VehicleStatus.lisp
Symlinking /home/hmc/usafe_ws/devel/share/common-lisp/ros/hmcl_msgs/msg/VehicleLight.lisp
Symlinking /home/hmc/usafe_ws/devel/share/common-lisp/ros/hmcl_msgs/msg/_package_LaneArray.lisp
Symlinking /home/hmc/usafe_ws/devel/share/common-lisp/ros/hmcl_msgs/msg/_package_Trafficlight.lisp
Symlinking /home/hmc/usafe_ws/devel/share/common-lisp/ros/hmcl_msgs/msg/TransitionCondition.lisp
Symlinking /home/hmc/usafe_ws/devel/share/common-lisp/ros/hmcl_msgs/msg/BehaviorFactor.lisp
Symlinking /home/hmc/usafe_ws/devel/share/common-lisp/ros/hmcl_msgs/msg/_package_BehaviorFactor.lisp
Symlinking /home/hmc/usafe_ws/devel/share/common-lisp/ros/hmcl_msgs/msg/Waypoint.lisp
Symlinking /home/hmc/usafe_ws/devel/share/common-lisp/ros/hmcl_msgs/msg/MissionWaypoint.lisp
Symlinking /home/hmc/usafe_ws/devel/share/common-lisp/ros/hmcl_msgs/msg/_package_VehicleSCC.lisp
Symlinking /home/hmc/usafe_ws/devel/share/common-lisp/ros/hmcl_msgs/msg/_package_VehicleLight.lisp
Symlinking /home/hmc/usafe_ws/devel/share/common-lisp/ros/hmcl_msgs/msg/_package_VehicleSteering.lisp
Symlinking /home/hmc/usafe_ws/devel/share/common-lisp/ros/hmcl_msgs/msg/_package_DTLane.lisp
Symlinking /home/hmc/usafe_ws/devel/share/common-lisp/ros/hmcl_msgs/msg/WaypointArray.lisp
Symlinking /home/hmc/usafe_ws/devel/share/gennodejs/ros/hmcl_msgs/_index.js
Symlinking /home/hmc/usafe_ws/devel/share/gennodejs/ros/hmcl_msgs/msg/Lane.js
Symlinking /home/hmc/usafe_ws/devel/share/gennodejs/ros/hmcl_msgs/msg/WaypointArray.js
Symlinking /home/hmc/usafe_ws/devel/share/gennodejs/ros/hmcl_msgs/msg/MissionWaypoint.js
Symlinking /home/hmc/usafe_ws/devel/share/gennodejs/ros/hmcl_msgs/msg/Trafficlight.js
Symlinking /home/hmc/usafe_ws/devel/share/gennodejs/ros/hmcl_msgs/msg/VehicleWheelSpeed.js
Symlinking /home/hmc/usafe_ws/devel/share/gennodejs/ros/hmcl_msgs/msg/Waypoint.js
Symlinking /home/hmc/usafe_ws/devel/share/gennodejs/ros/hmcl_msgs/msg/CtrlVehicleStates.js
Symlinking /home/hmc/usafe_ws/devel/share/gennodejs/ros/hmcl_msgs/msg/BehaviorFactor.js
Symlinking /home/hmc/usafe_ws/devel/share/gennodejs/ros/hmcl_msgs/msg/VehicleStatus.js
Symlinking /home/hmc/usafe_ws/devel/share/gennodejs/ros/hmcl_msgs/msg/Waypointhmcl.js
Symlinking /home/hmc/usafe_ws/devel/share/gennodejs/ros/hmcl_msgs/msg/RemoteButton.js
Symlinking /home/hmc/usafe_ws/devel/share/gennodejs/ros/hmcl_msgs/msg/VehicleSCC.js
Symlinking /home/hmc/usafe_ws/devel/share/gennodejs/ros/hmcl_msgs/msg/VehicleGear.js
Symlinking /home/hmc/usafe_ws/devel/share/gennodejs/ros/hmcl_msgs/msg/VehicleSteering.js
Symlinking /home/hmc/usafe_ws/devel/share/gennodejs/ros/hmcl_msgs/msg/WaypointState.js
Symlinking /home/hmc/usafe_ws/devel/share/gennodejs/ros/hmcl_msgs/msg/DTLane.js
Symlinking /home/hmc/usafe_ws/devel/share/gennodejs/ros/hmcl_msgs/msg/VehicleLight.js
Symlinking /home/hmc/usafe_ws/devel/share/gennodejs/ros/hmcl_msgs/msg/TransitionCondition.js
Symlinking /home/hmc/usafe_ws/devel/share/gennodejs/ros/hmcl_msgs/msg/LaneArray.js
Symlinking /home/hmc/usafe_ws/devel/share/gennodejs/ros/hmcl_msgs/msg/_index.js
