[  0%] Built target sensor_msgs_generate_messages_py
[  0%] Built target std_msgs_generate_messages_py
[  0%] Built target geometry_msgs_generate_messages_py
[  0%] Built target _hmcl_msgs_generate_messages_check_deps_WaypointState
[  0%] Built target _hmcl_msgs_generate_messages_check_deps_Lane
[  0%] Built target _hmcl_msgs_generate_messages_check_deps_VehicleGear
[  0%] Built target _hmcl_msgs_generate_messages_check_deps_LaneArray
[  0%] Built target _hmcl_msgs_generate_messages_check_deps_RemoteButton
[  0%] Built target _hmcl_msgs_generate_messages_check_deps_Trafficlight
[  0%] Built target _hmcl_msgs_generate_messages_check_deps_MissionWaypoint
[  0%] Built target _hmcl_msgs_generate_messages_check_deps_Waypoint
[  0%] Built target _hmcl_msgs_generate_messages_check_deps_VehicleStatus
[  0%] Built target _hmcl_msgs_generate_messages_check_deps_BehaviorFactor
[  0%] Built target _hmcl_msgs_generate_messages_check_deps_VehicleSteering
[  0%] Built target _hmcl_msgs_generate_messages_check_deps_DTLane
[  0%] Built target geometry_msgs_generate_messages_cpp
[  0%] Built target std_msgs_generate_messages_cpp
[  0%] Built target _hmcl_msgs_generate_messages_check_deps_Waypointhmcl
[  0%] Built target sensor_msgs_generate_messages_cpp
[  0%] Built target geometry_msgs_generate_messages_eus
[  0%] Built target sensor_msgs_generate_messages_eus
[  0%] Built target std_msgs_generate_messages_eus
[  0%] Built target std_msgs_generate_messages_lisp
[  0%] Built target geometry_msgs_generate_messages_nodejs
[  0%] Built target geometry_msgs_generate_messages_lisp
[  0%] Built target sensor_msgs_generate_messages_lisp
[  0%] Built target std_msgs_generate_messages_nodejs
[  0%] Built target sensor_msgs_generate_messages_nodejs
[  0%] Built target _hmcl_msgs_generate_messages_check_deps_VehicleWheelSpeed
[  0%] Built target _hmcl_msgs_generate_messages_check_deps_VehicleLight
[  0%] Built target _hmcl_msgs_generate_messages_check_deps_WaypointArray
[  0%] Built target _hmcl_msgs_generate_messages_check_deps_TransitionCondition
[  0%] Built target _hmcl_msgs_generate_messages_check_deps_CtrlVehicleStates
[  0%] Built target _hmcl_msgs_generate_messages_check_deps_VehicleSCC
[  1%] [34m[1mGenerating EusLisp code from hmcl_msgs/Waypoint.msg[0m
[  2%] [34m[1mGenerating Lisp code from hmcl_msgs/Waypoint.msg[0m
[  3%] [34m[1mGenerating Lisp code from hmcl_msgs/Lane.msg[0m
[  4%] [34m[1mGenerating EusLisp code from hmcl_msgs/Lane.msg[0m
[  5%] [34m[1mGenerating Javascript code from hmcl_msgs/Lane.msg[0m
[  6%] [34m[1mGenerating Python from MSG hmcl_msgs/Lane[0m
[  7%] [34m[1mGenerating C++ code from hmcl_msgs/Lane.msg[0m
[  8%] [34m[1mGenerating Python from MSG hmcl_msgs/LaneArray[0m
[ 10%] [34m[1mGenerating Python from MSG hmcl_msgs/VehicleStatus[0m
[ 11%] [34m[1mGenerating Python from MSG hmcl_msgs/Waypoint[0m
[ 12%] [34m[1mGenerating Python from MSG hmcl_msgs/MissionWaypoint[0m
[ 13%] [34m[1mGenerating Python from MSG hmcl_msgs/WaypointState[0m
[ 14%] [34m[1mGenerating Python from MSG hmcl_msgs/BehaviorFactor[0m
[ 15%] [34m[1mGenerating Javascript code from hmcl_msgs/Waypoint.msg[0m
[ 16%] [34m[1mGenerating Lisp code from hmcl_msgs/LaneArray.msg[0m
[ 16%] [34m[1mGenerating EusLisp code from hmcl_msgs/LaneArray.msg[0m
[ 18%] [34m[1mGenerating Lisp code from hmcl_msgs/VehicleStatus.msg[0m
[ 18%] [34m[1mGenerating Javascript code from hmcl_msgs/LaneArray.msg[0m
[ 20%] [34m[1mGenerating EusLisp code from hmcl_msgs/VehicleStatus.msg[0m
[ 21%] [34m[1mGenerating C++ code from hmcl_msgs/Waypoint.msg[0m
[ 21%] [34m[1mGenerating Javascript code from hmcl_msgs/VehicleStatus.msg[0m
[ 22%] [34m[1mGenerating Lisp code from hmcl_msgs/MissionWaypoint.msg[0m
[ 23%] [34m[1mGenerating Javascript code from hmcl_msgs/MissionWaypoint.msg[0m
[ 24%] [34m[1mGenerating EusLisp code from hmcl_msgs/MissionWaypoint.msg[0m
[ 24%] [34m[1mGenerating Lisp code from hmcl_msgs/WaypointState.msg[0m
[ 25%] [34m[1mGenerating EusLisp code from hmcl_msgs/WaypointState.msg[0m
[ 26%] [34m[1mGenerating EusLisp code from hmcl_msgs/BehaviorFactor.msg[0m
[ 27%] [34m[1mGenerating EusLisp code from hmcl_msgs/RemoteButton.msg[0m
[ 28%] [34m[1mGenerating Lisp code from hmcl_msgs/BehaviorFactor.msg[0m
[ 30%] [34m[1mGenerating Javascript code from hmcl_msgs/WaypointState.msg[0m
[ 31%] [34m[1mGenerating Javascript code from hmcl_msgs/BehaviorFactor.msg[0m
[ 31%] [34m[1mGenerating Python from MSG hmcl_msgs/RemoteButton[0m
[ 32%] [34m[1mGenerating Lisp code from hmcl_msgs/RemoteButton.msg[0m
[ 34%] [34m[1mGenerating EusLisp code from hmcl_msgs/VehicleSteering.msg[0m
[ 34%] [34m[1mGenerating Javascript code from hmcl_msgs/VehicleSteering.msg[0m
[ 35%] [34m[1mGenerating Javascript code from hmcl_msgs/RemoteButton.msg[0m
[ 36%] [34m[1mGenerating EusLisp code from hmcl_msgs/DTLane.msg[0m
[ 37%] [34m[1mGenerating Javascript code from hmcl_msgs/DTLane.msg[0m
[ 38%] [34m[1mGenerating C++ code from hmcl_msgs/LaneArray.msg[0m
[ 40%] [34m[1mGenerating Lisp code from hmcl_msgs/VehicleSteering.msg[0m
[ 41%] [34m[1mGenerating C++ code from hmcl_msgs/VehicleStatus.msg[0m
[ 42%] [34m[1mGenerating Javascript code from hmcl_msgs/Waypointhmcl.msg[0m
[ 43%] [34m[1mGenerating Lisp code from hmcl_msgs/DTLane.msg[0m
[ 44%] [34m[1mGenerating EusLisp code from hmcl_msgs/Waypointhmcl.msg[0m
[ 45%] [34m[1mGenerating Python from MSG hmcl_msgs/VehicleSteering[0m
[ 46%] [34m[1mGenerating Javascript code from hmcl_msgs/VehicleGear.msg[0m
[ 47%] [34m[1mGenerating Javascript code from hmcl_msgs/VehicleWheelSpeed.msg[0m
[ 48%] [34m[1mGenerating Lisp code from hmcl_msgs/Waypointhmcl.msg[0m
[ 50%] [34m[1mGenerating Lisp code from hmcl_msgs/VehicleGear.msg[0m
[ 51%] [34m[1mGenerating Javascript code from hmcl_msgs/CtrlVehicleStates.msg[0m
[ 51%] [34m[1mGenerating EusLisp code from hmcl_msgs/VehicleGear.msg[0m
[ 52%] [34m[1mGenerating C++ code from hmcl_msgs/MissionWaypoint.msg[0m
[ 53%] [34m[1mGenerating Lisp code from hmcl_msgs/VehicleWheelSpeed.msg[0m
[ 54%] [34m[1mGenerating C++ code from hmcl_msgs/WaypointState.msg[0m
[ 55%] [34m[1mGenerating Python from MSG hmcl_msgs/DTLane[0m
[ 56%] [34m[1mGenerating Python from MSG hmcl_msgs/Waypointhmcl[0m
[ 57%] [34m[1mGenerating Javascript code from hmcl_msgs/WaypointArray.msg[0m
[ 58%] [34m[1mGenerating Javascript code from hmcl_msgs/TransitionCondition.msg[0m
[ 60%] [34m[1mGenerating Lisp code from hmcl_msgs/CtrlVehicleStates.msg[0m
[ 61%] [34m[1mGenerating C++ code from hmcl_msgs/BehaviorFactor.msg[0m
[ 62%] [34m[1mGenerating EusLisp code from hmcl_msgs/VehicleWheelSpeed.msg[0m
[ 63%] [34m[1mGenerating Lisp code from hmcl_msgs/WaypointArray.msg[0m
[ 64%] [34m[1mGenerating Javascript code from hmcl_msgs/VehicleSCC.msg[0m
[ 65%] [34m[1mGenerating Lisp code from hmcl_msgs/TransitionCondition.msg[0m
[ 66%] [34m[1mGenerating Python from MSG hmcl_msgs/VehicleGear[0m
[ 67%] [34m[1mGenerating C++ code from hmcl_msgs/RemoteButton.msg[0m
[ 68%] [34m[1mGenerating Javascript code from hmcl_msgs/VehicleLight.msg[0m
[ 70%] [34m[1mGenerating C++ code from hmcl_msgs/VehicleSteering.msg[0m
[ 71%] [34m[1mGenerating EusLisp code from hmcl_msgs/CtrlVehicleStates.msg[0m
[ 71%] [34m[1mGenerating C++ code from hmcl_msgs/DTLane.msg[0m
[ 72%] [34m[1mGenerating C++ code from hmcl_msgs/Waypointhmcl.msg[0m
[ 73%] [34m[1mGenerating Python from MSG hmcl_msgs/VehicleWheelSpeed[0m
[ 74%] [34m[1mGenerating Lisp code from hmcl_msgs/VehicleLight.msg[0m
[ 75%] [34m[1mGenerating Lisp code from hmcl_msgs/VehicleSCC.msg[0m
[ 76%] [34m[1mGenerating Lisp code from hmcl_msgs/Trafficlight.msg[0m
[ 77%] [34m[1mGenerating Javascript code from hmcl_msgs/Trafficlight.msg[0m
[ 78%] [34m[1mGenerating EusLisp code from hmcl_msgs/WaypointArray.msg[0m
[ 80%] [34m[1mGenerating EusLisp code from hmcl_msgs/TransitionCondition.msg[0m
[ 81%] [34m[1mGenerating EusLisp code from hmcl_msgs/VehicleSCC.msg[0m
[ 82%] [34m[1mGenerating Python from MSG hmcl_msgs/CtrlVehicleStates[0m
[ 82%] Built target hmcl_msgs_generate_messages_lisp
[ 82%] Built target hmcl_msgs_generate_messages_nodejs
[ 83%] [34m[1mGenerating Python from MSG hmcl_msgs/WaypointArray[0m
[ 84%] [34m[1mGenerating Python from MSG hmcl_msgs/TransitionCondition[0m
[ 85%] [34m[1mGenerating Python from MSG hmcl_msgs/VehicleSCC[0m
[ 86%] [34m[1mGenerating Python from MSG hmcl_msgs/Trafficlight[0m
[ 87%] [34m[1mGenerating Python from MSG hmcl_msgs/VehicleLight[0m
[ 88%] [34m[1mGenerating EusLisp code from hmcl_msgs/VehicleLight.msg[0m
[ 90%] [34m[1mGenerating C++ code from hmcl_msgs/VehicleGear.msg[0m
[ 91%] [34m[1mGenerating C++ code from hmcl_msgs/VehicleWheelSpeed.msg[0m
[ 92%] [34m[1mGenerating EusLisp code from hmcl_msgs/Trafficlight.msg[0m
[ 93%] [34m[1mGenerating C++ code from hmcl_msgs/CtrlVehicleStates.msg[0m
[ 93%] [34m[1mGenerating C++ code from hmcl_msgs/WaypointArray.msg[0m
[ 94%] [34m[1mGenerating C++ code from hmcl_msgs/TransitionCondition.msg[0m
[ 95%] [34m[1mGenerating EusLisp manifest code for hmcl_msgs[0m
[ 96%] [34m[1mGenerating C++ code from hmcl_msgs/VehicleSCC.msg[0m
[ 97%] [34m[1mGenerating C++ code from hmcl_msgs/VehicleLight.msg[0m
[ 98%] [34m[1mGenerating C++ code from hmcl_msgs/Trafficlight.msg[0m
[100%] [34m[1mGenerating Python msg __init__.py for hmcl_msgs[0m
WARNING: Package name "LaneExtractor" does not follow the naming conventions. It should start with a lower case letter and only contain lower case letters, digits, underscores, and dashes.
WARNING: Package name "mapPublisher" does not follow the naming conventions. It should start with a lower case letter and only contain lower case letters, digits, underscores, and dashes.
[100%] Built target hmcl_msgs_generate_messages_py
[100%] Built target hmcl_msgs_generate_messages_cpp
WARNING: Package name "LaneExtractor" does not follow the naming conventions. It should start with a lower case letter and only contain lower case letters, digits, underscores, and dashes.
WARNING: Package name "mapPublisher" does not follow the naming conventions. It should start with a lower case letter and only contain lower case letters, digits, underscores, and dashes.
[100%] Built target hmcl_msgs_generate_messages_eus
[100%] Built target hmcl_msgs_generate_messages
