Linked: (/home/hmc/usafe_ws/devel/.private/hmcl_msgs/lib/python2.7/dist-packages/hmcl_msgs/__init__.py, /home/hmc/usafe_ws/devel/lib/python2.7/dist-packages/hmcl_msgs/__init__.py)
Linked: (/home/hmc/usafe_ws/devel/.private/hmcl_msgs/lib/python2.7/dist-packages/hmcl_msgs/msg/_LaneArray.py, /home/hmc/usafe_ws/devel/lib/python2.7/dist-packages/hmcl_msgs/msg/_LaneArray.py)
Linked: (/home/hmc/usafe_ws/devel/.private/hmcl_msgs/lib/python2.7/dist-packages/hmcl_msgs/msg/_VehicleStatus.py, /home/hmc/usafe_ws/devel/lib/python2.7/dist-packages/hmcl_msgs/msg/_VehicleStatus.py)
Linked: (/home/hmc/usafe_ws/devel/.private/hmcl_msgs/lib/python2.7/dist-packages/hmcl_msgs/msg/_Trafficlight.py, /home/hmc/usafe_ws/devel/lib/python2.7/dist-packages/hmcl_msgs/msg/_Trafficlight.py)
Linked: (/home/hmc/usafe_ws/devel/.private/hmcl_msgs/lib/python2.7/dist-packages/hmcl_msgs/msg/_VehicleSCC.py, /home/hmc/usafe_ws/devel/lib/python2.7/dist-packages/hmcl_msgs/msg/_VehicleSCC.py)
Linked: (/home/hmc/usafe_ws/devel/.private/hmcl_msgs/lib/python2.7/dist-packages/hmcl_msgs/msg/_BehaviorFactor.py, /home/hmc/usafe_ws/devel/lib/python2.7/dist-packages/hmcl_msgs/msg/_BehaviorFactor.py)
Linked: (/home/hmc/usafe_ws/devel/.private/hmcl_msgs/lib/python2.7/dist-packages/hmcl_msgs/msg/_VehicleSteering.py, /home/hmc/usafe_ws/devel/lib/python2.7/dist-packages/hmcl_msgs/msg/_VehicleSteering.py)
Linked: (/home/hmc/usafe_ws/devel/.private/hmcl_msgs/lib/python2.7/dist-packages/hmcl_msgs/msg/_VehicleLight.py, /home/hmc/usafe_ws/devel/lib/python2.7/dist-packages/hmcl_msgs/msg/_VehicleLight.py)
Linked: (/home/hmc/usafe_ws/devel/.private/hmcl_msgs/lib/python2.7/dist-packages/hmcl_msgs/msg/_MissionWaypoint.py, /home/hmc/usafe_ws/devel/lib/python2.7/dist-packages/hmcl_msgs/msg/_MissionWaypoint.py)
Linked: (/home/hmc/usafe_ws/devel/.private/hmcl_msgs/lib/python2.7/dist-packages/hmcl_msgs/msg/_Waypoint.py, /home/hmc/usafe_ws/devel/lib/python2.7/dist-packages/hmcl_msgs/msg/_Waypoint.py)
Linked: (/home/hmc/usafe_ws/devel/.private/hmcl_msgs/lib/python2.7/dist-packages/hmcl_msgs/msg/_VehicleGear.py, /home/hmc/usafe_ws/devel/lib/python2.7/dist-packages/hmcl_msgs/msg/_VehicleGear.py)
Linked: (/home/hmc/usafe_ws/devel/.private/hmcl_msgs/lib/python2.7/dist-packages/hmcl_msgs/msg/_RemoteButton.py, /home/hmc/usafe_ws/devel/lib/python2.7/dist-packages/hmcl_msgs/msg/_RemoteButton.py)
Linked: (/home/hmc/usafe_ws/devel/.private/hmcl_msgs/lib/python2.7/dist-packages/hmcl_msgs/msg/_Waypointhmcl.py, /home/hmc/usafe_ws/devel/lib/python2.7/dist-packages/hmcl_msgs/msg/_Waypointhmcl.py)
Linked: (/home/hmc/usafe_ws/devel/.private/hmcl_msgs/lib/python2.7/dist-packages/hmcl_msgs/msg/_CtrlVehicleStates.py, /home/hmc/usafe_ws/devel/lib/python2.7/dist-packages/hmcl_msgs/msg/_CtrlVehicleStates.py)
Linked: (/home/hmc/usafe_ws/devel/.private/hmcl_msgs/lib/python2.7/dist-packages/hmcl_msgs/msg/_WaypointArray.py, /home/hmc/usafe_ws/devel/lib/python2.7/dist-packages/hmcl_msgs/msg/_WaypointArray.py)
Linked: (/home/hmc/usafe_ws/devel/.private/hmcl_msgs/lib/python2.7/dist-packages/hmcl_msgs/msg/_TransitionCondition.py, /home/hmc/usafe_ws/devel/lib/python2.7/dist-packages/hmcl_msgs/msg/_TransitionCondition.py)
Linked: (/home/hmc/usafe_ws/devel/.private/hmcl_msgs/lib/python2.7/dist-packages/hmcl_msgs/msg/_Lane.py, /home/hmc/usafe_ws/devel/lib/python2.7/dist-packages/hmcl_msgs/msg/_Lane.py)
Linked: (/home/hmc/usafe_ws/devel/.private/hmcl_msgs/lib/python2.7/dist-packages/hmcl_msgs/msg/_DTLane.py, /home/hmc/usafe_ws/devel/lib/python2.7/dist-packages/hmcl_msgs/msg/_DTLane.py)
Linked: (/home/hmc/usafe_ws/devel/.private/hmcl_msgs/lib/python2.7/dist-packages/hmcl_msgs/msg/_VehicleWheelSpeed.py, /home/hmc/usafe_ws/devel/lib/python2.7/dist-packages/hmcl_msgs/msg/_VehicleWheelSpeed.py)
Linked: (/home/hmc/usafe_ws/devel/.private/hmcl_msgs/lib/python2.7/dist-packages/hmcl_msgs/msg/__init__.py, /home/hmc/usafe_ws/devel/lib/python2.7/dist-packages/hmcl_msgs/msg/__init__.py)
Linked: (/home/hmc/usafe_ws/devel/.private/hmcl_msgs/lib/python2.7/dist-packages/hmcl_msgs/msg/_WaypointState.py, /home/hmc/usafe_ws/devel/lib/python2.7/dist-packages/hmcl_msgs/msg/_WaypointState.py)
Linked: (/home/hmc/usafe_ws/devel/.private/hmcl_msgs/lib/pkgconfig/hmcl_msgs.pc, /home/hmc/usafe_ws/devel/lib/pkgconfig/hmcl_msgs.pc)
Linked: (/home/hmc/usafe_ws/devel/.private/hmcl_msgs/include/hmcl_msgs/Lane.h, /home/hmc/usafe_ws/devel/include/hmcl_msgs/Lane.h)
Linked: (/home/hmc/usafe_ws/devel/.private/hmcl_msgs/include/hmcl_msgs/LaneArray.h, /home/hmc/usafe_ws/devel/include/hmcl_msgs/LaneArray.h)
Linked: (/home/hmc/usafe_ws/devel/.private/hmcl_msgs/include/hmcl_msgs/VehicleGear.h, /home/hmc/usafe_ws/devel/include/hmcl_msgs/VehicleGear.h)
Linked: (/home/hmc/usafe_ws/devel/.private/hmcl_msgs/include/hmcl_msgs/VehicleLight.h, /home/hmc/usafe_ws/devel/include/hmcl_msgs/VehicleLight.h)
Linked: (/home/hmc/usafe_ws/devel/.private/hmcl_msgs/include/hmcl_msgs/BehaviorFactor.h, /home/hmc/usafe_ws/devel/include/hmcl_msgs/BehaviorFactor.h)
Linked: (/home/hmc/usafe_ws/devel/.private/hmcl_msgs/include/hmcl_msgs/DTLane.h, /home/hmc/usafe_ws/devel/include/hmcl_msgs/DTLane.h)
Linked: (/home/hmc/usafe_ws/devel/.private/hmcl_msgs/include/hmcl_msgs/MissionWaypoint.h, /home/hmc/usafe_ws/devel/include/hmcl_msgs/MissionWaypoint.h)
Linked: (/home/hmc/usafe_ws/devel/.private/hmcl_msgs/include/hmcl_msgs/Waypointhmcl.h, /home/hmc/usafe_ws/devel/include/hmcl_msgs/Waypointhmcl.h)
Linked: (/home/hmc/usafe_ws/devel/.private/hmcl_msgs/include/hmcl_msgs/TransitionCondition.h, /home/hmc/usafe_ws/devel/include/hmcl_msgs/TransitionCondition.h)
Linked: (/home/hmc/usafe_ws/devel/.private/hmcl_msgs/include/hmcl_msgs/CtrlVehicleStates.h, /home/hmc/usafe_ws/devel/include/hmcl_msgs/CtrlVehicleStates.h)
Linked: (/home/hmc/usafe_ws/devel/.private/hmcl_msgs/include/hmcl_msgs/VehicleWheelSpeed.h, /home/hmc/usafe_ws/devel/include/hmcl_msgs/VehicleWheelSpeed.h)
Linked: (/home/hmc/usafe_ws/devel/.private/hmcl_msgs/include/hmcl_msgs/WaypointArray.h, /home/hmc/usafe_ws/devel/include/hmcl_msgs/WaypointArray.h)
Linked: (/home/hmc/usafe_ws/devel/.private/hmcl_msgs/include/hmcl_msgs/Waypoint.h, /home/hmc/usafe_ws/devel/include/hmcl_msgs/Waypoint.h)
Linked: (/home/hmc/usafe_ws/devel/.private/hmcl_msgs/include/hmcl_msgs/RemoteButton.h, /home/hmc/usafe_ws/devel/include/hmcl_msgs/RemoteButton.h)
Linked: (/home/hmc/usafe_ws/devel/.private/hmcl_msgs/include/hmcl_msgs/VehicleStatus.h, /home/hmc/usafe_ws/devel/include/hmcl_msgs/VehicleStatus.h)
Linked: (/home/hmc/usafe_ws/devel/.private/hmcl_msgs/include/hmcl_msgs/WaypointState.h, /home/hmc/usafe_ws/devel/include/hmcl_msgs/WaypointState.h)
Linked: (/home/hmc/usafe_ws/devel/.private/hmcl_msgs/include/hmcl_msgs/Trafficlight.h, /home/hmc/usafe_ws/devel/include/hmcl_msgs/Trafficlight.h)
Linked: (/home/hmc/usafe_ws/devel/.private/hmcl_msgs/include/hmcl_msgs/VehicleSCC.h, /home/hmc/usafe_ws/devel/include/hmcl_msgs/VehicleSCC.h)
Linked: (/home/hmc/usafe_ws/devel/.private/hmcl_msgs/include/hmcl_msgs/VehicleSteering.h, /home/hmc/usafe_ws/devel/include/hmcl_msgs/VehicleSteering.h)
Linked: (/home/hmc/usafe_ws/devel/.private/hmcl_msgs/share/roseus/ros/hmcl_msgs/manifest.l, /home/hmc/usafe_ws/devel/share/roseus/ros/hmcl_msgs/manifest.l)
Linked: (/home/hmc/usafe_ws/devel/.private/hmcl_msgs/share/roseus/ros/hmcl_msgs/msg/Waypoint.l, /home/hmc/usafe_ws/devel/share/roseus/ros/hmcl_msgs/msg/Waypoint.l)
Linked: (/home/hmc/usafe_ws/devel/.private/hmcl_msgs/share/roseus/ros/hmcl_msgs/msg/WaypointState.l, /home/hmc/usafe_ws/devel/share/roseus/ros/hmcl_msgs/msg/WaypointState.l)
Linked: (/home/hmc/usafe_ws/devel/.private/hmcl_msgs/share/roseus/ros/hmcl_msgs/msg/VehicleLight.l, /home/hmc/usafe_ws/devel/share/roseus/ros/hmcl_msgs/msg/VehicleLight.l)
Linked: (/home/hmc/usafe_ws/devel/.private/hmcl_msgs/share/roseus/ros/hmcl_msgs/msg/BehaviorFactor.l, /home/hmc/usafe_ws/devel/share/roseus/ros/hmcl_msgs/msg/BehaviorFactor.l)
Linked: (/home/hmc/usafe_ws/devel/.private/hmcl_msgs/share/roseus/ros/hmcl_msgs/msg/VehicleSCC.l, /home/hmc/usafe_ws/devel/share/roseus/ros/hmcl_msgs/msg/VehicleSCC.l)
Linked: (/home/hmc/usafe_ws/devel/.private/hmcl_msgs/share/roseus/ros/hmcl_msgs/msg/VehicleGear.l, /home/hmc/usafe_ws/devel/share/roseus/ros/hmcl_msgs/msg/VehicleGear.l)
Linked: (/home/hmc/usafe_ws/devel/.private/hmcl_msgs/share/roseus/ros/hmcl_msgs/msg/TransitionCondition.l, /home/hmc/usafe_ws/devel/share/roseus/ros/hmcl_msgs/msg/TransitionCondition.l)
Linked: (/home/hmc/usafe_ws/devel/.private/hmcl_msgs/share/roseus/ros/hmcl_msgs/msg/LaneArray.l, /home/hmc/usafe_ws/devel/share/roseus/ros/hmcl_msgs/msg/LaneArray.l)
Linked: (/home/hmc/usafe_ws/devel/.private/hmcl_msgs/share/roseus/ros/hmcl_msgs/msg/DTLane.l, /home/hmc/usafe_ws/devel/share/roseus/ros/hmcl_msgs/msg/DTLane.l)
Linked: (/home/hmc/usafe_ws/devel/.private/hmcl_msgs/share/roseus/ros/hmcl_msgs/msg/RemoteButton.l, /home/hmc/usafe_ws/devel/share/roseus/ros/hmcl_msgs/msg/RemoteButton.l)
Linked: (/home/hmc/usafe_ws/devel/.private/hmcl_msgs/share/roseus/ros/hmcl_msgs/msg/Lane.l, /home/hmc/usafe_ws/devel/share/roseus/ros/hmcl_msgs/msg/Lane.l)
Linked: (/home/hmc/usafe_ws/devel/.private/hmcl_msgs/share/roseus/ros/hmcl_msgs/msg/WaypointArray.l, /home/hmc/usafe_ws/devel/share/roseus/ros/hmcl_msgs/msg/WaypointArray.l)
Linked: (/home/hmc/usafe_ws/devel/.private/hmcl_msgs/share/roseus/ros/hmcl_msgs/msg/VehicleSteering.l, /home/hmc/usafe_ws/devel/share/roseus/ros/hmcl_msgs/msg/VehicleSteering.l)
Linked: (/home/hmc/usafe_ws/devel/.private/hmcl_msgs/share/roseus/ros/hmcl_msgs/msg/VehicleStatus.l, /home/hmc/usafe_ws/devel/share/roseus/ros/hmcl_msgs/msg/VehicleStatus.l)
Linked: (/home/hmc/usafe_ws/devel/.private/hmcl_msgs/share/roseus/ros/hmcl_msgs/msg/Waypointhmcl.l, /home/hmc/usafe_ws/devel/share/roseus/ros/hmcl_msgs/msg/Waypointhmcl.l)
Linked: (/home/hmc/usafe_ws/devel/.private/hmcl_msgs/share/roseus/ros/hmcl_msgs/msg/MissionWaypoint.l, /home/hmc/usafe_ws/devel/share/roseus/ros/hmcl_msgs/msg/MissionWaypoint.l)
Linked: (/home/hmc/usafe_ws/devel/.private/hmcl_msgs/share/roseus/ros/hmcl_msgs/msg/VehicleWheelSpeed.l, /home/hmc/usafe_ws/devel/share/roseus/ros/hmcl_msgs/msg/VehicleWheelSpeed.l)
Linked: (/home/hmc/usafe_ws/devel/.private/hmcl_msgs/share/roseus/ros/hmcl_msgs/msg/Trafficlight.l, /home/hmc/usafe_ws/devel/share/roseus/ros/hmcl_msgs/msg/Trafficlight.l)
Linked: (/home/hmc/usafe_ws/devel/.private/hmcl_msgs/share/roseus/ros/hmcl_msgs/msg/CtrlVehicleStates.l, /home/hmc/usafe_ws/devel/share/roseus/ros/hmcl_msgs/msg/CtrlVehicleStates.l)
Linked: (/home/hmc/usafe_ws/devel/.private/hmcl_msgs/share/hmcl_msgs/cmake/hmcl_msgs-msg-paths.cmake, /home/hmc/usafe_ws/devel/share/hmcl_msgs/cmake/hmcl_msgs-msg-paths.cmake)
Linked: (/home/hmc/usafe_ws/devel/.private/hmcl_msgs/share/hmcl_msgs/cmake/hmcl_msgs-msg-extras.cmake, /home/hmc/usafe_ws/devel/share/hmcl_msgs/cmake/hmcl_msgs-msg-extras.cmake)
Linked: (/home/hmc/usafe_ws/devel/.private/hmcl_msgs/share/hmcl_msgs/cmake/hmcl_msgsConfig.cmake, /home/hmc/usafe_ws/devel/share/hmcl_msgs/cmake/hmcl_msgsConfig.cmake)
Linked: (/home/hmc/usafe_ws/devel/.private/hmcl_msgs/share/hmcl_msgs/cmake/hmcl_msgsConfig-version.cmake, /home/hmc/usafe_ws/devel/share/hmcl_msgs/cmake/hmcl_msgsConfig-version.cmake)
Linked: (/home/hmc/usafe_ws/devel/.private/hmcl_msgs/share/common-lisp/ros/hmcl_msgs/msg/VehicleSteering.lisp, /home/hmc/usafe_ws/devel/share/common-lisp/ros/hmcl_msgs/msg/VehicleSteering.lisp)
Linked: (/home/hmc/usafe_ws/devel/.private/hmcl_msgs/share/common-lisp/ros/hmcl_msgs/msg/_package_Waypointhmcl.lisp, /home/hmc/usafe_ws/devel/share/common-lisp/ros/hmcl_msgs/msg/_package_Waypointhmcl.lisp)
Linked: (/home/hmc/usafe_ws/devel/.private/hmcl_msgs/share/common-lisp/ros/hmcl_msgs/msg/hmcl_msgs-msg.asd, /home/hmc/usafe_ws/devel/share/common-lisp/ros/hmcl_msgs/msg/hmcl_msgs-msg.asd)
Linked: (/home/hmc/usafe_ws/devel/.private/hmcl_msgs/share/common-lisp/ros/hmcl_msgs/msg/DTLane.lisp, /home/hmc/usafe_ws/devel/share/common-lisp/ros/hmcl_msgs/msg/DTLane.lisp)
Linked: (/home/hmc/usafe_ws/devel/.private/hmcl_msgs/share/common-lisp/ros/hmcl_msgs/msg/LaneArray.lisp, /home/hmc/usafe_ws/devel/share/common-lisp/ros/hmcl_msgs/msg/LaneArray.lisp)
Linked: (/home/hmc/usafe_ws/devel/.private/hmcl_msgs/share/common-lisp/ros/hmcl_msgs/msg/_package_WaypointArray.lisp, /home/hmc/usafe_ws/devel/share/common-lisp/ros/hmcl_msgs/msg/_package_WaypointArray.lisp)
Linked: (/home/hmc/usafe_ws/devel/.private/hmcl_msgs/share/common-lisp/ros/hmcl_msgs/msg/_package_VehicleGear.lisp, /home/hmc/usafe_ws/devel/share/common-lisp/ros/hmcl_msgs/msg/_package_VehicleGear.lisp)
Linked: (/home/hmc/usafe_ws/devel/.private/hmcl_msgs/share/common-lisp/ros/hmcl_msgs/msg/_package_VehicleWheelSpeed.lisp, /home/hmc/usafe_ws/devel/share/common-lisp/ros/hmcl_msgs/msg/_package_VehicleWheelSpeed.lisp)
Linked: (/home/hmc/usafe_ws/devel/.private/hmcl_msgs/share/common-lisp/ros/hmcl_msgs/msg/_package_WaypointState.lisp, /home/hmc/usafe_ws/devel/share/common-lisp/ros/hmcl_msgs/msg/_package_WaypointState.lisp)
Linked: (/home/hmc/usafe_ws/devel/.private/hmcl_msgs/share/common-lisp/ros/hmcl_msgs/msg/Trafficlight.lisp, /home/hmc/usafe_ws/devel/share/common-lisp/ros/hmcl_msgs/msg/Trafficlight.lisp)
Linked: (/home/hmc/usafe_ws/devel/.private/hmcl_msgs/share/common-lisp/ros/hmcl_msgs/msg/_package_RemoteButton.lisp, /home/hmc/usafe_ws/devel/share/common-lisp/ros/hmcl_msgs/msg/_package_RemoteButton.lisp)
Linked: (/home/hmc/usafe_ws/devel/.private/hmcl_msgs/share/common-lisp/ros/hmcl_msgs/msg/VehicleSCC.lisp, /home/hmc/usafe_ws/devel/share/common-lisp/ros/hmcl_msgs/msg/VehicleSCC.lisp)
Linked: (/home/hmc/usafe_ws/devel/.private/hmcl_msgs/share/common-lisp/ros/hmcl_msgs/msg/WaypointState.lisp, /home/hmc/usafe_ws/devel/share/common-lisp/ros/hmcl_msgs/msg/WaypointState.lisp)
Linked: (/home/hmc/usafe_ws/devel/.private/hmcl_msgs/share/common-lisp/ros/hmcl_msgs/msg/Waypointhmcl.lisp, /home/hmc/usafe_ws/devel/share/common-lisp/ros/hmcl_msgs/msg/Waypointhmcl.lisp)
Linked: (/home/hmc/usafe_ws/devel/.private/hmcl_msgs/share/common-lisp/ros/hmcl_msgs/msg/_package_MissionWaypoint.lisp, /home/hmc/usafe_ws/devel/share/common-lisp/ros/hmcl_msgs/msg/_package_MissionWaypoint.lisp)
Linked: (/home/hmc/usafe_ws/devel/.private/hmcl_msgs/share/common-lisp/ros/hmcl_msgs/msg/_package_Waypoint.lisp, /home/hmc/usafe_ws/devel/share/common-lisp/ros/hmcl_msgs/msg/_package_Waypoint.lisp)
Linked: (/home/hmc/usafe_ws/devel/.private/hmcl_msgs/share/common-lisp/ros/hmcl_msgs/msg/VehicleGear.lisp, /home/hmc/usafe_ws/devel/share/common-lisp/ros/hmcl_msgs/msg/VehicleGear.lisp)
Linked: (/home/hmc/usafe_ws/devel/.private/hmcl_msgs/share/common-lisp/ros/hmcl_msgs/msg/CtrlVehicleStates.lisp, /home/hmc/usafe_ws/devel/share/common-lisp/ros/hmcl_msgs/msg/CtrlVehicleStates.lisp)
Linked: (/home/hmc/usafe_ws/devel/.private/hmcl_msgs/share/common-lisp/ros/hmcl_msgs/msg/Lane.lisp, /home/hmc/usafe_ws/devel/share/common-lisp/ros/hmcl_msgs/msg/Lane.lisp)
Linked: (/home/hmc/usafe_ws/devel/.private/hmcl_msgs/share/common-lisp/ros/hmcl_msgs/msg/_package_Lane.lisp, /home/hmc/usafe_ws/devel/share/common-lisp/ros/hmcl_msgs/msg/_package_Lane.lisp)
Linked: (/home/hmc/usafe_ws/devel/.private/hmcl_msgs/share/common-lisp/ros/hmcl_msgs/msg/_package_CtrlVehicleStates.lisp, /home/hmc/usafe_ws/devel/share/common-lisp/ros/hmcl_msgs/msg/_package_CtrlVehicleStates.lisp)
Linked: (/home/hmc/usafe_ws/devel/.private/hmcl_msgs/share/common-lisp/ros/hmcl_msgs/msg/_package.lisp, /home/hmc/usafe_ws/devel/share/common-lisp/ros/hmcl_msgs/msg/_package.lisp)
Linked: (/home/hmc/usafe_ws/devel/.private/hmcl_msgs/share/common-lisp/ros/hmcl_msgs/msg/_package_TransitionCondition.lisp, /home/hmc/usafe_ws/devel/share/common-lisp/ros/hmcl_msgs/msg/_package_TransitionCondition.lisp)
Linked: (/home/hmc/usafe_ws/devel/.private/hmcl_msgs/share/common-lisp/ros/hmcl_msgs/msg/RemoteButton.lisp, /home/hmc/usafe_ws/devel/share/common-lisp/ros/hmcl_msgs/msg/RemoteButton.lisp)
Linked: (/home/hmc/usafe_ws/devel/.private/hmcl_msgs/share/common-lisp/ros/hmcl_msgs/msg/_package_VehicleStatus.lisp, /home/hmc/usafe_ws/devel/share/common-lisp/ros/hmcl_msgs/msg/_package_VehicleStatus.lisp)
Linked: (/home/hmc/usafe_ws/devel/.private/hmcl_msgs/share/common-lisp/ros/hmcl_msgs/msg/VehicleWheelSpeed.lisp, /home/hmc/usafe_ws/devel/share/common-lisp/ros/hmcl_msgs/msg/VehicleWheelSpeed.lisp)
Linked: (/home/hmc/usafe_ws/devel/.private/hmcl_msgs/share/common-lisp/ros/hmcl_msgs/msg/VehicleStatus.lisp, /home/hmc/usafe_ws/devel/share/common-lisp/ros/hmcl_msgs/msg/VehicleStatus.lisp)
Linked: (/home/hmc/usafe_ws/devel/.private/hmcl_msgs/share/common-lisp/ros/hmcl_msgs/msg/VehicleLight.lisp, /home/hmc/usafe_ws/devel/share/common-lisp/ros/hmcl_msgs/msg/VehicleLight.lisp)
Linked: (/home/hmc/usafe_ws/devel/.private/hmcl_msgs/share/common-lisp/ros/hmcl_msgs/msg/_package_LaneArray.lisp, /home/hmc/usafe_ws/devel/share/common-lisp/ros/hmcl_msgs/msg/_package_LaneArray.lisp)
Linked: (/home/hmc/usafe_ws/devel/.private/hmcl_msgs/share/common-lisp/ros/hmcl_msgs/msg/_package_Trafficlight.lisp, /home/hmc/usafe_ws/devel/share/common-lisp/ros/hmcl_msgs/msg/_package_Trafficlight.lisp)
Linked: (/home/hmc/usafe_ws/devel/.private/hmcl_msgs/share/common-lisp/ros/hmcl_msgs/msg/TransitionCondition.lisp, /home/hmc/usafe_ws/devel/share/common-lisp/ros/hmcl_msgs/msg/TransitionCondition.lisp)
Linked: (/home/hmc/usafe_ws/devel/.private/hmcl_msgs/share/common-lisp/ros/hmcl_msgs/msg/BehaviorFactor.lisp, /home/hmc/usafe_ws/devel/share/common-lisp/ros/hmcl_msgs/msg/BehaviorFactor.lisp)
Linked: (/home/hmc/usafe_ws/devel/.private/hmcl_msgs/share/common-lisp/ros/hmcl_msgs/msg/_package_BehaviorFactor.lisp, /home/hmc/usafe_ws/devel/share/common-lisp/ros/hmcl_msgs/msg/_package_BehaviorFactor.lisp)
Linked: (/home/hmc/usafe_ws/devel/.private/hmcl_msgs/share/common-lisp/ros/hmcl_msgs/msg/Waypoint.lisp, /home/hmc/usafe_ws/devel/share/common-lisp/ros/hmcl_msgs/msg/Waypoint.lisp)
Linked: (/home/hmc/usafe_ws/devel/.private/hmcl_msgs/share/common-lisp/ros/hmcl_msgs/msg/MissionWaypoint.lisp, /home/hmc/usafe_ws/devel/share/common-lisp/ros/hmcl_msgs/msg/MissionWaypoint.lisp)
Linked: (/home/hmc/usafe_ws/devel/.private/hmcl_msgs/share/common-lisp/ros/hmcl_msgs/msg/_package_VehicleSCC.lisp, /home/hmc/usafe_ws/devel/share/common-lisp/ros/hmcl_msgs/msg/_package_VehicleSCC.lisp)
Linked: (/home/hmc/usafe_ws/devel/.private/hmcl_msgs/share/common-lisp/ros/hmcl_msgs/msg/_package_VehicleLight.lisp, /home/hmc/usafe_ws/devel/share/common-lisp/ros/hmcl_msgs/msg/_package_VehicleLight.lisp)
Linked: (/home/hmc/usafe_ws/devel/.private/hmcl_msgs/share/common-lisp/ros/hmcl_msgs/msg/_package_VehicleSteering.lisp, /home/hmc/usafe_ws/devel/share/common-lisp/ros/hmcl_msgs/msg/_package_VehicleSteering.lisp)
Linked: (/home/hmc/usafe_ws/devel/.private/hmcl_msgs/share/common-lisp/ros/hmcl_msgs/msg/_package_DTLane.lisp, /home/hmc/usafe_ws/devel/share/common-lisp/ros/hmcl_msgs/msg/_package_DTLane.lisp)
Linked: (/home/hmc/usafe_ws/devel/.private/hmcl_msgs/share/common-lisp/ros/hmcl_msgs/msg/WaypointArray.lisp, /home/hmc/usafe_ws/devel/share/common-lisp/ros/hmcl_msgs/msg/WaypointArray.lisp)
Linked: (/home/hmc/usafe_ws/devel/.private/hmcl_msgs/share/gennodejs/ros/hmcl_msgs/_index.js, /home/hmc/usafe_ws/devel/share/gennodejs/ros/hmcl_msgs/_index.js)
Linked: (/home/hmc/usafe_ws/devel/.private/hmcl_msgs/share/gennodejs/ros/hmcl_msgs/msg/Lane.js, /home/hmc/usafe_ws/devel/share/gennodejs/ros/hmcl_msgs/msg/Lane.js)
Linked: (/home/hmc/usafe_ws/devel/.private/hmcl_msgs/share/gennodejs/ros/hmcl_msgs/msg/WaypointArray.js, /home/hmc/usafe_ws/devel/share/gennodejs/ros/hmcl_msgs/msg/WaypointArray.js)
Linked: (/home/hmc/usafe_ws/devel/.private/hmcl_msgs/share/gennodejs/ros/hmcl_msgs/msg/MissionWaypoint.js, /home/hmc/usafe_ws/devel/share/gennodejs/ros/hmcl_msgs/msg/MissionWaypoint.js)
Linked: (/home/hmc/usafe_ws/devel/.private/hmcl_msgs/share/gennodejs/ros/hmcl_msgs/msg/Trafficlight.js, /home/hmc/usafe_ws/devel/share/gennodejs/ros/hmcl_msgs/msg/Trafficlight.js)
Linked: (/home/hmc/usafe_ws/devel/.private/hmcl_msgs/share/gennodejs/ros/hmcl_msgs/msg/VehicleWheelSpeed.js, /home/hmc/usafe_ws/devel/share/gennodejs/ros/hmcl_msgs/msg/VehicleWheelSpeed.js)
Linked: (/home/hmc/usafe_ws/devel/.private/hmcl_msgs/share/gennodejs/ros/hmcl_msgs/msg/Waypoint.js, /home/hmc/usafe_ws/devel/share/gennodejs/ros/hmcl_msgs/msg/Waypoint.js)
Linked: (/home/hmc/usafe_ws/devel/.private/hmcl_msgs/share/gennodejs/ros/hmcl_msgs/msg/CtrlVehicleStates.js, /home/hmc/usafe_ws/devel/share/gennodejs/ros/hmcl_msgs/msg/CtrlVehicleStates.js)
Linked: (/home/hmc/usafe_ws/devel/.private/hmcl_msgs/share/gennodejs/ros/hmcl_msgs/msg/BehaviorFactor.js, /home/hmc/usafe_ws/devel/share/gennodejs/ros/hmcl_msgs/msg/BehaviorFactor.js)
Linked: (/home/hmc/usafe_ws/devel/.private/hmcl_msgs/share/gennodejs/ros/hmcl_msgs/msg/VehicleStatus.js, /home/hmc/usafe_ws/devel/share/gennodejs/ros/hmcl_msgs/msg/VehicleStatus.js)
Linked: (/home/hmc/usafe_ws/devel/.private/hmcl_msgs/share/gennodejs/ros/hmcl_msgs/msg/Waypointhmcl.js, /home/hmc/usafe_ws/devel/share/gennodejs/ros/hmcl_msgs/msg/Waypointhmcl.js)
Linked: (/home/hmc/usafe_ws/devel/.private/hmcl_msgs/share/gennodejs/ros/hmcl_msgs/msg/RemoteButton.js, /home/hmc/usafe_ws/devel/share/gennodejs/ros/hmcl_msgs/msg/RemoteButton.js)
Linked: (/home/hmc/usafe_ws/devel/.private/hmcl_msgs/share/gennodejs/ros/hmcl_msgs/msg/VehicleSCC.js, /home/hmc/usafe_ws/devel/share/gennodejs/ros/hmcl_msgs/msg/VehicleSCC.js)
Linked: (/home/hmc/usafe_ws/devel/.private/hmcl_msgs/share/gennodejs/ros/hmcl_msgs/msg/VehicleGear.js, /home/hmc/usafe_ws/devel/share/gennodejs/ros/hmcl_msgs/msg/VehicleGear.js)
Linked: (/home/hmc/usafe_ws/devel/.private/hmcl_msgs/share/gennodejs/ros/hmcl_msgs/msg/VehicleSteering.js, /home/hmc/usafe_ws/devel/share/gennodejs/ros/hmcl_msgs/msg/VehicleSteering.js)
Linked: (/home/hmc/usafe_ws/devel/.private/hmcl_msgs/share/gennodejs/ros/hmcl_msgs/msg/WaypointState.js, /home/hmc/usafe_ws/devel/share/gennodejs/ros/hmcl_msgs/msg/WaypointState.js)
Linked: (/home/hmc/usafe_ws/devel/.private/hmcl_msgs/share/gennodejs/ros/hmcl_msgs/msg/DTLane.js, /home/hmc/usafe_ws/devel/share/gennodejs/ros/hmcl_msgs/msg/DTLane.js)
Linked: (/home/hmc/usafe_ws/devel/.private/hmcl_msgs/share/gennodejs/ros/hmcl_msgs/msg/VehicleLight.js, /home/hmc/usafe_ws/devel/share/gennodejs/ros/hmcl_msgs/msg/VehicleLight.js)
Linked: (/home/hmc/usafe_ws/devel/.private/hmcl_msgs/share/gennodejs/ros/hmcl_msgs/msg/TransitionCondition.js, /home/hmc/usafe_ws/devel/share/gennodejs/ros/hmcl_msgs/msg/TransitionCondition.js)
Linked: (/home/hmc/usafe_ws/devel/.private/hmcl_msgs/share/gennodejs/ros/hmcl_msgs/msg/LaneArray.js, /home/hmc/usafe_ws/devel/share/gennodejs/ros/hmcl_msgs/msg/LaneArray.js)
Linked: (/home/hmc/usafe_ws/devel/.private/hmcl_msgs/share/gennodejs/ros/hmcl_msgs/msg/_index.js, /home/hmc/usafe_ws/devel/share/gennodejs/ros/hmcl_msgs/msg/_index.js)
