[  0%] Built target geometry_msgs_generate_messages_py
[  0%] Built target std_msgs_generate_messages_py
[  0%] Built target sensor_msgs_generate_messages_py
[  0%] Built target _hmcl_msgs_generate_messages_check_deps_VehicleStatus
[  0%] Built target _hmcl_msgs_generate_messages_check_deps_Lane
[  0%] Built target _hmcl_msgs_generate_messages_check_deps_Waypoint
[  0%] Built target _hmcl_msgs_generate_messages_check_deps_Trafficlight
[  0%] Built target _hmcl_msgs_generate_messages_check_deps_WaypointState
[  0%] Built target _hmcl_msgs_generate_messages_check_deps_LaneArray
[  0%] Built target _hmcl_msgs_generate_messages_check_deps_MissionWaypoint
[  0%] Built target _hmcl_msgs_generate_messages_check_deps_RemoteButton
[  0%] Built target _hmcl_msgs_generate_messages_check_deps_DTLane
[  0%] Built target _hmcl_msgs_generate_messages_check_deps_VehicleWheelSpeed
[  0%] Built target _hmcl_msgs_generate_messages_check_deps_VehicleGear
[  0%] Built target _hmcl_msgs_generate_messages_check_deps_BehaviorFactor
[  0%] Built target _hmcl_msgs_generate_messages_check_deps_VehicleSteering
[  0%] Built target _hmcl_msgs_generate_messages_check_deps_VehicleLight
[  0%] Built target _hmcl_msgs_generate_messages_check_deps_Waypointhmcl
[  0%] Built target geometry_msgs_generate_messages_cpp
[  0%] Built target sensor_msgs_generate_messages_cpp
[  0%] Built target std_msgs_generate_messages_cpp
[  0%] Built target geometry_msgs_generate_messages_lisp
[  0%] Built target geometry_msgs_generate_messages_eus
[  0%] Built target std_msgs_generate_messages_lisp
[  0%] Built target std_msgs_generate_messages_eus
[  0%] Built target sensor_msgs_generate_messages_eus
[  0%] Built target std_msgs_generate_messages_nodejs
[  0%] Built target geometry_msgs_generate_messages_nodejs
[  0%] Built target sensor_msgs_generate_messages_lisp
[  0%] Built target sensor_msgs_generate_messages_nodejs
[  0%] Built target _hmcl_msgs_generate_messages_check_deps_WaypointArray
[  0%] Built target _hmcl_msgs_generate_messages_check_deps_TransitionCondition
[  0%] Built target _hmcl_msgs_generate_messages_check_deps_CtrlVehicleStates
[  0%] Built target _hmcl_msgs_generate_messages_check_deps_VehicleSCC
[ 21%] Built target hmcl_msgs_generate_messages_eus
[ 54%] Built target hmcl_msgs_generate_messages_lisp
[ 62%] Built target hmcl_msgs_generate_messages_nodejs
[ 81%] Built target hmcl_msgs_generate_messages_py
[100%] Built target hmcl_msgs_generate_messages_cpp
[100%] Built target hmcl_msgs_generate_messages
