[  0%] Built target dynamic_reconfigure_gencfg
[  0%] Built target nav_msgs_generate_messages_cpp
[  0%] Built target geometry_msgs_generate_messages_py
[  0%] Built target geometry_msgs_generate_messages_lisp
[  0%] Built target std_msgs_generate_messages_eus
[  0%] Built target nav_msgs_generate_messages_eus
[  0%] Built target nav_msgs_generate_messages_lisp
[  0%] Built target geometry_msgs_generate_messages_nodejs
[  0%] Built target nav_msgs_generate_messages_nodejs
[  0%] Built target geometry_msgs_generate_messages_eus
[  0%] Built target geometry_msgs_generate_messages_cpp
[ 11%] [34m[1mGenerating dynamic reconfigure files from cfg/test.cfg: /home/hmc/usafe_ws/devel/.private/lowlevel_ctrl/include/lowlevel_ctrl/testConfig.h /home/hmc/usafe_ws/devel/.private/lowlevel_ctrl/lib/python2.7/dist-packages/lowlevel_ctrl/cfg/testConfig.py[0m
[ 11%] Built target std_msgs_generate_messages_nodejs
[ 11%] Built target std_msgs_generate_messages_lisp
[ 11%] Built target nav_msgs_generate_messages_py
[ 11%] Built target std_msgs_generate_messages_cpp
[ 11%] Built target actionlib_msgs_generate_messages_lisp
[ 11%] Built target roscpp_generate_messages_cpp
[ 11%] Built target actionlib_msgs_generate_messages_eus
[ 11%] Built target std_msgs_generate_messages_py
[ 11%] Built target _catkin_empty_exported_target
[ 11%] Built target roscpp_generate_messages_nodejs
[ 11%] Built target roscpp_generate_messages_lisp
[ 11%] Built target actionlib_msgs_generate_messages_nodejs
[ 11%] Built target actionlib_msgs_generate_messages_cpp
[ 11%] Built target rosgraph_msgs_generate_messages_eus
[ 11%] Built target roscpp_generate_messages_eus
[ 11%] Built target actionlib_msgs_generate_messages_py
[ 11%] Built target rosgraph_msgs_generate_messages_cpp
[ 11%] Built target roscpp_generate_messages_py
[ 11%] Built target rosgraph_msgs_generate_messages_lisp
[ 11%] Built target sensor_msgs_generate_messages_cpp
[ 11%] Built target rosgraph_msgs_generate_messages_nodejs
[ 11%] Built target tf_generate_messages_cpp
[ 11%] Built target tf_generate_messages_lisp
[ 11%] Built target sensor_msgs_generate_messages_lisp
[ 11%] Built target sensor_msgs_generate_messages_py
[ 11%] Built target sensor_msgs_generate_messages_eus
[ 11%] Built target tf_generate_messages_eus
[ 11%] Built target rosgraph_msgs_generate_messages_py
[ 11%] Built target tf_generate_messages_nodejs
[ 11%] Built target actionlib_generate_messages_cpp
[ 11%] Built target actionlib_generate_messages_eus
[ 11%] Built target tf_generate_messages_py
[ 11%] Built target actionlib_generate_messages_lisp
[ 11%] Built target sensor_msgs_generate_messages_nodejs
[ 11%] Built target actionlib_generate_messages_py
[ 11%] Built target actionlib_generate_messages_nodejs
[ 11%] Built target tf2_msgs_generate_messages_cpp
[ 11%] Built target tf2_msgs_generate_messages_eus
[ 11%] Built target hmcl_msgs_generate_messages_eus
[ 11%] Built target tf2_msgs_generate_messages_nodejs
[ 11%] Built target tf2_msgs_generate_messages_lisp
[ 11%] Built target can_msgs_generate_messages_cpp
[ 11%] Built target hmcl_msgs_generate_messages_nodejs
[ 11%] Built target tf2_msgs_generate_messages_py
[ 11%] Built target can_msgs_generate_messages_eus
[ 11%] Built target hmcl_msgs_generate_messages_cpp
[ 11%] Built target hmcl_msgs_generate_messages_lisp
[ 11%] Built target hmcl_msgs_generate_messages_py
[ 11%] Built target can_msgs_generate_messages_lisp
[ 11%] Built target can_msgs_generate_messages_py
[ 11%] Built target dynamic_reconfigure_generate_messages_cpp
[ 11%] Built target dynamic_reconfigure_generate_messages_eus
[ 11%] Built target dynamic_reconfigure_generate_messages_lisp
[ 11%] Built target dynamic_reconfigure_generate_messages_py
[ 11%] Built target can_msgs_generate_messages_nodejs
[ 11%] Built target dynamic_reconfigure_generate_messages_nodejs
[ 22%] [32mBuilding CXX object CMakeFiles/lowlevel_ctrl.dir/src/lowlevel_ctrl_FSM.cpp.o[0m
[ 33%] [32mBuilding CXX object CMakeFiles/lowlevel_ctrl.dir/src/lowlevel_callbacks.cpp.o[0m
[ 44%] [32mBuilding CXX object CMakeFiles/lowlevel_ctrl.dir/src/lowlevel_ctrl.cpp.o[0m
Generating reconfiguration files for test in lowlevel_ctrl
Wrote header file in /home/hmc/usafe_ws/devel/.private/lowlevel_ctrl/include/lowlevel_ctrl/testConfig.h
[ 44%] Built target lowlevel_ctrl_gencfg
[ 77%] [32mBuilding CXX object CMakeFiles/dynamic_reconfigure_node.dir/src/lowlevel_ctrl.cpp.o[0m
[ 77%] [32mBuilding CXX object CMakeFiles/dynamic_reconfigure_node.dir/src/lowlevel_ctrl_FSM.cpp.o[0m
[ 77%] [32mBuilding CXX object CMakeFiles/dynamic_reconfigure_node.dir/src/lowlevel_callbacks.cpp.o[0m
In file included from [01m[K/home/hmc/usafe_ws/src/tools/lowlevel_ctrl/src/lowlevel_ctrl.cpp:33[m[K:
[01m[K/home/hmc/usafe_ws/src/tools/lowlevel_ctrl/include/lowlevel_ctrl.h:[m[K In constructor ‘[01m[KLowlevelCtrl::LowlevelCtrl(ros::NodeHandle&, ros::NodeHandle&, ros::NodeHandle&, ros::NodeHandle&)[m[K’:
[01m[K/home/hmc/usafe_ws/src/tools/lowlevel_ctrl/include/lowlevel_ctrl.h:96:5:[m[K [01;35m[Kwarning: [m[K‘[01m[KLowlevelCtrl::emergency_count[m[K’ will be initialized after [[01;35m[K-Wreorder[m[K]
   96 | int [01;35m[Kemergency_count[m[K;
      |     [01;35m[K^~~~~~~~~~~~~~~[m[K
[01m[K/home/hmc/usafe_ws/src/tools/lowlevel_ctrl/include/lowlevel_ctrl.h:95:6:[m[K [01;35m[Kwarning: [m[K  ‘[01m[Kbool LowlevelCtrl::emergency_stop_activate[m[K’ [[01;35m[K-Wreorder[m[K]
   95 | bool [01;35m[Kemergency_stop_activate[m[K;
      |      [01;35m[K^~~~~~~~~~~~~~~~~~~~~~~[m[K
[01m[K/home/hmc/usafe_ws/src/tools/lowlevel_ctrl/src/lowlevel_ctrl.cpp:37:1:[m[K [01;35m[Kwarning: [m[K  when initialized here [[01;35m[K-Wreorder[m[K]
   37 | [01;35m[KLowlevelCtrl[m[K::LowlevelCtrl(ros::NodeHandle& nh_can, ros::NodeHandle& nh_acc,ros::NodeHandle& nh_steer,ros::NodeHandle& nh_light):
      | [01;35m[K^~~~~~~~~~~~[m[K
In file included from [01m[K/home/hmc/usafe_ws/src/tools/lowlevel_ctrl/src/lowlevel_ctrl.cpp:33[m[K:
[01m[K/home/hmc/usafe_ws/src/tools/lowlevel_ctrl/include/lowlevel_ctrl.h:95:6:[m[K [01;35m[Kwarning: [m[K‘[01m[KLowlevelCtrl::emergency_stop_activate[m[K’ will be initialized after [[01;35m[K-Wreorder[m[K]
   95 | bool [01;35m[Kemergency_stop_activate[m[K;
      |      [01;35m[K^~~~~~~~~~~~~~~~~~~~~~~[m[K
[01m[K/home/hmc/usafe_ws/src/tools/lowlevel_ctrl/include/lowlevel_ctrl.h:90:14:[m[K [01;35m[Kwarning: [m[K  ‘[01m[KDrivingState LowlevelCtrl::drivingState[m[K’ [[01;35m[K-Wreorder[m[K]
   90 | DrivingState [01;35m[KdrivingState[m[K;
      |              [01;35m[K^~~~~~~~~~~~[m[K
[01m[K/home/hmc/usafe_ws/src/tools/lowlevel_ctrl/src/lowlevel_ctrl.cpp:37:1:[m[K [01;35m[Kwarning: [m[K  when initialized here [[01;35m[K-Wreorder[m[K]
   37 | [01;35m[KLowlevelCtrl[m[K::LowlevelCtrl(ros::NodeHandle& nh_can, ros::NodeHandle& nh_acc,ros::NodeHandle& nh_steer,ros::NodeHandle& nh_light):
      | [01;35m[K^~~~~~~~~~~~[m[K
[01m[K/home/hmc/usafe_ws/src/tools/lowlevel_ctrl/src/lowlevel_callbacks.cpp:[m[K In member function ‘[01m[Kvoid LowlevelCtrl::AcanCallback(can_msgs::FrameConstPtr)[m[K’:
[01m[K/home/hmc/usafe_ws/src/tools/lowlevel_ctrl/src/lowlevel_callbacks.cpp:158:7:[m[K [01;35m[Kwarning: [m[Kvariable ‘[01m[Ka[m[K’ set but not used [[01;35m[K-Wunused-but-set-variable[m[K]
  158 |   int [01;35m[Ka[m[K;
      |       [01;35m[K^[m[K
[01m[K/home/hmc/usafe_ws/src/tools/lowlevel_ctrl/src/lowlevel_callbacks.cpp:160:10:[m[K [01;35m[Kwarning: [m[Kunused variable ‘[01m[Ksteer_d[m[K’ [[01;35m[K-Wunused-variable[m[K]
  160 |   double [01;35m[Ksteer_d[m[K;
      |          [01;35m[K^~~~~~~[m[K
[01m[K/home/hmc/usafe_ws/src/tools/lowlevel_ctrl/src/lowlevel_callbacks.cpp:[m[K In member function ‘[01m[Kvoid LowlevelCtrl::AcanCallback(can_msgs::FrameConstPtr)[m[K’:
[01m[K/home/hmc/usafe_ws/src/tools/lowlevel_ctrl/src/lowlevel_callbacks.cpp:158:7:[m[K [01;35m[Kwarning: [m[Kvariable ‘[01m[Ka[m[K’ set but not used [[01;35m[K-Wunused-but-set-variable[m[K]
  158 |   int [01;35m[Ka[m[K;
      |       [01;35m[K^[m[K
[01m[K/home/hmc/usafe_ws/src/tools/lowlevel_ctrl/src/lowlevel_callbacks.cpp:160:10:[m[K [01;35m[Kwarning: [m[Kunused variable ‘[01m[Ksteer_d[m[K’ [[01;35m[K-Wunused-variable[m[K]
  160 |   double [01;35m[Ksteer_d[m[K;
      |          [01;35m[K^~~~~~~[m[K
In file included from [01m[K/home/hmc/usafe_ws/src/tools/lowlevel_ctrl/src/lowlevel_ctrl.cpp:33[m[K:
[01m[K/home/hmc/usafe_ws/src/tools/lowlevel_ctrl/include/lowlevel_ctrl.h:[m[K In constructor ‘[01m[KLowlevelCtrl::LowlevelCtrl(ros::NodeHandle&, ros::NodeHandle&, ros::NodeHandle&, ros::NodeHandle&)[m[K’:
[01m[K/home/hmc/usafe_ws/src/tools/lowlevel_ctrl/include/lowlevel_ctrl.h:96:5:[m[K [01;35m[Kwarning: [m[K‘[01m[KLowlevelCtrl::emergency_count[m[K’ will be initialized after [[01;35m[K-Wreorder[m[K]
   96 | int [01;35m[Kemergency_count[m[K;
      |     [01;35m[K^~~~~~~~~~~~~~~[m[K
[01m[K/home/hmc/usafe_ws/src/tools/lowlevel_ctrl/include/lowlevel_ctrl.h:95:6:[m[K [01;35m[Kwarning: [m[K  ‘[01m[Kbool LowlevelCtrl::emergency_stop_activate[m[K’ [[01;35m[K-Wreorder[m[K]
   95 | bool [01;35m[Kemergency_stop_activate[m[K;
      |      [01;35m[K^~~~~~~~~~~~~~~~~~~~~~~[m[K
[01m[K/home/hmc/usafe_ws/src/tools/lowlevel_ctrl/src/lowlevel_ctrl.cpp:37:1:[m[K [01;35m[Kwarning: [m[K  when initialized here [[01;35m[K-Wreorder[m[K]
   37 | [01;35m[KLowlevelCtrl[m[K::LowlevelCtrl(ros::NodeHandle& nh_can, ros::NodeHandle& nh_acc,ros::NodeHandle& nh_steer,ros::NodeHandle& nh_light):
      | [01;35m[K^~~~~~~~~~~~[m[K
In file included from [01m[K/home/hmc/usafe_ws/src/tools/lowlevel_ctrl/src/lowlevel_ctrl.cpp:33[m[K:
[01m[K/home/hmc/usafe_ws/src/tools/lowlevel_ctrl/include/lowlevel_ctrl.h:95:6:[m[K [01;35m[Kwarning: [m[K‘[01m[KLowlevelCtrl::emergency_stop_activate[m[K’ will be initialized after [[01;35m[K-Wreorder[m[K]
   95 | bool [01;35m[Kemergency_stop_activate[m[K;
      |      [01;35m[K^~~~~~~~~~~~~~~~~~~~~~~[m[K
[01m[K/home/hmc/usafe_ws/src/tools/lowlevel_ctrl/include/lowlevel_ctrl.h:90:14:[m[K [01;35m[Kwarning: [m[K  ‘[01m[KDrivingState LowlevelCtrl::drivingState[m[K’ [[01;35m[K-Wreorder[m[K]
   90 | DrivingState [01;35m[KdrivingState[m[K;
      |              [01;35m[K^~~~~~~~~~~~[m[K
[01m[K/home/hmc/usafe_ws/src/tools/lowlevel_ctrl/src/lowlevel_ctrl.cpp:37:1:[m[K [01;35m[Kwarning: [m[K  when initialized here [[01;35m[K-Wreorder[m[K]
   37 | [01;35m[KLowlevelCtrl[m[K::LowlevelCtrl(ros::NodeHandle& nh_can, ros::NodeHandle& nh_acc,ros::NodeHandle& nh_steer,ros::NodeHandle& nh_light):
      | [01;35m[K^~~~~~~~~~~~[m[K
[ 88%] [32m[1mLinking CXX executable /home/hmc/usafe_ws/devel/.private/lowlevel_ctrl/lib/lowlevel_ctrl/lowlevel_ctrl[0m
[ 88%] Built target lowlevel_ctrl
[100%] [32m[1mLinking CXX executable /home/hmc/usafe_ws/devel/.private/lowlevel_ctrl/lib/lowlevel_ctrl/dynamic_reconfigure_node[0m
[100%] Built target dynamic_reconfigure_node
