[  0%] Built target can_msgs_generate_messages_py
[  0%] Built target nav_msgs_generate_messages_eus
[  6%] Built target geometry_msgs_generate_messages_lisp
[  6%] Built target nav_msgs_generate_messages_nodejs
[  6%] [34m[1mGenerating dynamic reconfigure files from cfg/test.cfg: /home/hmc/usafe_ws/devel/.private/preview_ctrl/include/preview_ctrl/testConfig.h /home/hmc/usafe_ws/devel/.private/preview_ctrl/lib/python2.7/dist-packages/preview_ctrl/cfg/testConfig.py[0m
[  6%] Built target geometry_msgs_generate_messages_nodejs
[  6%] Built target geometry_msgs_generate_messages_eus
[  6%] Built target nav_msgs_generate_messages_lisp
[  6%] Built target nav_msgs_generate_messages_cpp
[  6%] Built target nav_msgs_generate_messages_py
[  6%] Built target geometry_msgs_generate_messages_cpp
[  6%] Built target std_msgs_generate_messages_lisp
[  6%] Built target geometry_msgs_generate_messages_py
[  6%] Built target std_msgs_generate_messages_cpp
[  6%] Built target std_msgs_generate_messages_eus
[  6%] Built target std_msgs_generate_messages_nodejs
[  6%] Built target actionlib_msgs_generate_messages_eus
[  6%] Built target actionlib_msgs_generate_messages_cpp
[  6%] Built target std_msgs_generate_messages_py
[  6%] Built target actionlib_msgs_generate_messages_py
[  6%] Built target _catkin_empty_exported_target
[  6%] Built target roscpp_generate_messages_eus
[  6%] Built target actionlib_msgs_generate_messages_lisp
[  6%] Built target roscpp_generate_messages_cpp
[  6%] Built target actionlib_msgs_generate_messages_nodejs
[  6%] Built target rosgraph_msgs_generate_messages_cpp
[  6%] Built target roscpp_generate_messages_lisp
[  6%] Built target roscpp_generate_messages_nodejs
[  6%] Built target rosgraph_msgs_generate_messages_eus
[  6%] Built target rosgraph_msgs_generate_messages_lisp
[  6%] Built target roscpp_generate_messages_py
[  6%] Built target rosgraph_msgs_generate_messages_nodejs
[  6%] Built target sensor_msgs_generate_messages_py
[  6%] Built target sensor_msgs_generate_messages_eus
[  6%] Built target rosgraph_msgs_generate_messages_py
[  6%] Built target sensor_msgs_generate_messages_nodejs
[  6%] Built target visualization_msgs_generate_messages_cpp
[  6%] Built target visualization_msgs_generate_messages_eus
[  6%] Built target visualization_msgs_generate_messages_nodejs
[  6%] Built target visualization_msgs_generate_messages_lisp
[  6%] Built target ackermann_msgs_generate_messages_eus
[  6%] Built target visualization_msgs_generate_messages_py
[  6%] Built target sensor_msgs_generate_messages_cpp
[  6%] Built target ackermann_msgs_generate_messages_cpp
[  6%] Built target sensor_msgs_generate_messages_lisp
[  6%] Built target ackermann_msgs_generate_messages_lisp
[  6%] Built target ackermann_msgs_generate_messages_nodejs
[  6%] Built target ackermann_msgs_generate_messages_py
[  6%] Built target tf_generate_messages_cpp
[  6%] Built target tf_generate_messages_py
[  6%] Built target tf_generate_messages_nodejs
[  6%] Built target tf_generate_messages_lisp
[  6%] Built target actionlib_generate_messages_eus
[  6%] Built target actionlib_generate_messages_cpp
[  6%] Built target tf2_msgs_generate_messages_eus
[  6%] Built target actionlib_generate_messages_py
[  6%] Built target tf2_msgs_generate_messages_cpp
[  6%] Built target tf_generate_messages_eus
[  6%] Built target actionlib_generate_messages_nodejs
[  6%] Built target tf2_msgs_generate_messages_lisp
[  6%] Built target actionlib_generate_messages_lisp
[  6%] Built target tf2_msgs_generate_messages_nodejs
[  6%] Built target tf2_msgs_generate_messages_py
[  6%] Built target carla_msgs_generate_messages_cpp
[  6%] Built target hmcl_msgs_generate_messages_eus
[  6%] Built target hmcl_msgs_generate_messages_nodejs
[  6%] Built target hmcl_msgs_generate_messages_lisp
[  6%] Built target hmcl_msgs_generate_messages_cpp
[  6%] Built target carla_msgs_generate_messages_lisp
[  6%] Built target carla_msgs_generate_messages_eus
[  6%] Built target carla_msgs_generate_messages_nodejs
[  6%] Built target carla_msgs_generate_messages_py
[  6%] Built target hmcl_msgs_generate_messages_py
[  6%] Built target diagnostic_msgs_generate_messages_lisp
[  6%] Built target diagnostic_msgs_generate_messages_cpp
[  6%] Built target diagnostic_msgs_generate_messages_nodejs
[  6%] Built target diagnostic_msgs_generate_messages_eus
[  6%] Built target diagnostic_msgs_generate_messages_py
[  6%] Built target dynamic_reconfigure_generate_messages_cpp
[  6%] Built target dynamic_reconfigure_generate_messages_lisp
[  6%] Built target dynamic_reconfigure_gencfg
[  6%] Built target can_msgs_generate_messages_eus
[  6%] Built target dynamic_reconfigure_generate_messages_nodejs
[  6%] Built target dynamic_reconfigure_generate_messages_py
[  6%] Built target can_msgs_generate_messages_cpp
[  6%] Built target can_msgs_generate_messages_lisp
[  6%] Built target dynamic_reconfigure_generate_messages_eus
[  6%] Built target can_msgs_generate_messages_nodejs
[ 13%] [32mBuilding CXX object CMakeFiles/preview_ctrl.dir/src/lowpass_filter.cpp.o[0m
[ 20%] [32mBuilding CXX object CMakeFiles/preview_ctrl.dir/src/preview_ctrl.cpp.o[0m
[ 26%] [32mBuilding CXX object CMakeFiles/preview_ctrl.dir/src/utils.cpp.o[0m
[ 33%] [32mBuilding CXX object CMakeFiles/preview_ctrl.dir/src/riccati_solver.cpp.o[0m
[ 40%] [32mBuilding CXX object CMakeFiles/preview_ctrl.dir/src/trajectory.cpp.o[0m
[ 46%] [32mBuilding CXX object CMakeFiles/preview_ctrl.dir/src/vehicle_model_dynamics.cpp.o[0m
Generating reconfiguration files for test in preview_ctrl
Wrote header file in /home/hmc/usafe_ws/devel/.private/preview_ctrl/include/preview_ctrl/testConfig.h
[ 46%] Built target preview_ctrl_gencfg
[ 53%] [32mBuilding CXX object CMakeFiles/dynamic_reconfigure_node.dir/src/utils.cpp.o[0m
[ 60%] [32mBuilding CXX object CMakeFiles/dynamic_reconfigure_node.dir/src/trajectory.cpp.o[0m
[ 66%] [32mBuilding CXX object CMakeFiles/dynamic_reconfigure_node.dir/src/riccati_solver.cpp.o[0m
[ 80%] [32mBuilding CXX object CMakeFiles/dynamic_reconfigure_node.dir/src/preview_ctrl.cpp.o[0m
[ 80%] [32mBuilding CXX object CMakeFiles/dynamic_reconfigure_node.dir/src/lowpass_filter.cpp.o[0m
[ 86%] [32mBuilding CXX object CMakeFiles/dynamic_reconfigure_node.dir/src/vehicle_model_dynamics.cpp.o[0m
[01m[K/home/hmc/usafe_ws/src/ctrl_pkg/preview_ctrl/src/riccati_solver.cpp:[m[K In function ‘[01m[Kbool solveRiccatiArimotoPotter(const MatrixXd&, const MatrixXd&, const MatrixXd&, const MatrixXd&, Eigen::MatrixXd&)[m[K’:
[01m[K/home/hmc/usafe_ws/src/ctrl_pkg/preview_ctrl/src/riccati_solver.cpp:89:21:[m[K [01;35m[Kwarning: [m[Kcomparison of integer expressions of different signedness: ‘[01m[Kint[m[K’ and ‘[01m[Kunsigned int[m[K’ [[01;35m[K-Wsign-compare[m[K]
   89 |   for (int i = 0; [01;35m[Ki < 2 * dim_x[m[K; ++i) {
      |                   [01;35m[K~~^~~~~~~~~~~[m[K
[01m[K/home/hmc/usafe_ws/src/ctrl_pkg/preview_ctrl/src/riccati_solver.cpp:73:14:[m[K [01;35m[Kwarning: [m[Kunused variable ‘[01m[Kdim_u[m[K’ [[01;35m[K-Wunused-variable[m[K]
   73 |   const uint [01;35m[Kdim_u[m[K = B.cols();
      |              [01;35m[K^~~~~[m[K
[01m[K/home/hmc/usafe_ws/src/ctrl_pkg/preview_ctrl/src/riccati_solver.cpp:[m[K In function ‘[01m[Kbool solveRiccatiArimotoPotter(const MatrixXd&, const MatrixXd&, const MatrixXd&, const MatrixXd&, Eigen::MatrixXd&)[m[K’:
[01m[K/home/hmc/usafe_ws/src/ctrl_pkg/preview_ctrl/src/riccati_solver.cpp:89:21:[m[K [01;35m[Kwarning: [m[Kcomparison of integer expressions of different signedness: ‘[01m[Kint[m[K’ and ‘[01m[Kunsigned int[m[K’ [[01;35m[K-Wsign-compare[m[K]
   89 |   for (int i = 0; [01;35m[Ki < 2 * dim_x[m[K; ++i) {
      |                   [01;35m[K~~^~~~~~~~~~~[m[K
[01m[K/home/hmc/usafe_ws/src/ctrl_pkg/preview_ctrl/src/riccati_solver.cpp:73:14:[m[K [01;35m[Kwarning: [m[Kunused variable ‘[01m[Kdim_u[m[K’ [[01;35m[K-Wunused-variable[m[K]
   73 |   const uint [01;35m[Kdim_u[m[K = B.cols();
      |              [01;35m[K^~~~~[m[K
[01m[K/home/hmc/usafe_ws/src/ctrl_pkg/preview_ctrl/src/vehicle_model_dynamics.cpp:[m[K In member function ‘[01m[Kvoid VehicleModel::setWeight(std::vector<double>, double)[m[K’:
[01m[K/home/hmc/usafe_ws/src/ctrl_pkg/preview_ctrl/src/vehicle_model_dynamics.cpp:52:24:[m[K [01;35m[Kwarning: [m[Kcomparison of integer expressions of different signedness: ‘[01m[Kstd::vector<double>::size_type[m[K’ {aka ‘[01m[Klong unsigned int[m[K’} and ‘[01m[Kint[m[K’ [[01;35m[K-Wsign-compare[m[K]
   52 |     if([01;35m[Kq_weight.size() > delay_step+5[m[K){
      |        [01;35m[K~~~~~~~~~~~~~~~~^~~~~~~~~~~~~~[m[K
[01m[K/home/hmc/usafe_ws/src/ctrl_pkg/preview_ctrl/src/vehicle_model_dynamics.cpp:56:20:[m[K [01;35m[Kwarning: [m[Kcomparison of integer expressions of different signedness: ‘[01m[Kint[m[K’ and ‘[01m[Kstd::vector<double>::size_type[m[K’ {aka ‘[01m[Klong unsigned int[m[K’} [[01;35m[K-Wsign-compare[m[K]
   56 |     for(int i =0; [01;35m[Ki< q_weight.size()[m[K; i++){
      |                   [01;35m[K~^~~~~~~~~~~~~~~~~[m[K
[01m[K/home/hmc/usafe_ws/src/ctrl_pkg/preview_ctrl/src/vehicle_model_dynamics.cpp:[m[K In member function ‘[01m[Kvoid VehicleModel::setWeight(std::vector<double>, double)[m[K’:
[01m[K/home/hmc/usafe_ws/src/ctrl_pkg/preview_ctrl/src/vehicle_model_dynamics.cpp:52:24:[m[K [01;35m[Kwarning: [m[Kcomparison of integer expressions of different signedness: ‘[01m[Kstd::vector<double>::size_type[m[K’ {aka ‘[01m[Klong unsigned int[m[K’} and ‘[01m[Kint[m[K’ [[01;35m[K-Wsign-compare[m[K]
   52 |     if([01;35m[Kq_weight.size() > delay_step+5[m[K){
      |        [01;35m[K~~~~~~~~~~~~~~~~^~~~~~~~~~~~~~[m[K
[01m[K/home/hmc/usafe_ws/src/ctrl_pkg/preview_ctrl/src/vehicle_model_dynamics.cpp:56:20:[m[K [01;35m[Kwarning: [m[Kcomparison of integer expressions of different signedness: ‘[01m[Kint[m[K’ and ‘[01m[Kstd::vector<double>::size_type[m[K’ {aka ‘[01m[Klong unsigned int[m[K’} [[01;35m[K-Wsign-compare[m[K]
   56 |     for(int i =0; [01;35m[Ki< q_weight.size()[m[K; i++){
      |                   [01;35m[K~^~~~~~~~~~~~~~~~~[m[K
In file included from [01m[K/opt/ros/melodic/include/ros/ros.h:40[m[K,
                 from [01m[K/home/hmc/usafe_ws/src/ctrl_pkg/preview_ctrl/include/preview_ctrl.h:26[m[K,
                 from [01m[K/home/hmc/usafe_ws/src/ctrl_pkg/preview_ctrl/src/preview_ctrl.cpp:34[m[K:
[01m[K/home/hmc/usafe_ws/src/ctrl_pkg/preview_ctrl/src/preview_ctrl.cpp:[m[K In constructor ‘[01m[KPreviewCtrl::PreviewCtrl(ros::NodeHandle&, ros::NodeHandle&)[m[K’:
[01m[K/home/hmc/usafe_ws/src/ctrl_pkg/preview_ctrl/src/preview_ctrl.cpp:93:12:[m[K [01;35m[Kwarning: [m[Kformat ‘[01m[K%f[m[K’ expects argument of type ‘[01m[Kdouble[m[K’, but argument 8 has type ‘[01m[Kint[m[K’ [[01;35m[K-Wformat=[m[K]
   93 |   ROS_INFO([01;35m[K"delay_step = %f"[m[K, [32m[Kdelay_step[m[K);
      |            [01;35m[K^~~~~~~~~~~~~~~~~[m[K  [32m[K~~~~~~~~~~[m[K
      |                               [32m[K|[m[K
      |                               [32m[Kint[m[K
[01m[K/opt/ros/melodic/include/ros/console.h:348:165:[m[K [01;36m[Knote: [m[Kin definition of macro ‘[01m[KROSCONSOLE_PRINT_AT_LOCATION_WITH_FILTER[m[K’
  348 |     ::ros::console::print(filter, __rosconsole_define_location__loc.logger_, __rosconsole_define_location__loc.level_, __FILE__, __LINE__, __ROSCONSOLE_FUNCTION__, [01;36m[K__VA_ARGS__[m[K)
      |                                                                                                                                                                     [01;36m[K^~~~~~~~~~~[m[K
[01m[K/opt/ros/melodic/include/ros/console.h:387:7:[m[K [01;36m[Knote: [m[Kin expansion of macro ‘[01m[KROSCONSOLE_PRINT_AT_LOCATION[m[K’
  387 |       [01;36m[KROSCONSOLE_PRINT_AT_LOCATION[m[K(__VA_ARGS__); \
      |       [01;36m[K^~~~~~~~~~~~~~~~~~~~~~~~~~~~[m[K
[01m[K/opt/ros/melodic/include/ros/console.h:572:35:[m[K [01;36m[Knote: [m[Kin expansion of macro ‘[01m[KROS_LOG_COND[m[K’
  572 | #define ROS_LOG(level, name, ...) [01;36m[KROS_LOG_COND[m[K(true, level, name, __VA_ARGS__)
      |                                   [01;36m[K^~~~~~~~~~~~[m[K
[01m[K/opt/ros/melodic/include/rosconsole/macros_generated.h:110:23:[m[K [01;36m[Knote: [m[Kin expansion of macro ‘[01m[KROS_LOG[m[K’
  110 | #define ROS_INFO(...) [01;36m[KROS_LOG[m[K(::ros::console::levels::Info, ROSCONSOLE_DEFAULT_NAME, __VA_ARGS__)
      |                       [01;36m[K^~~~~~~[m[K
[01m[K/home/hmc/usafe_ws/src/ctrl_pkg/preview_ctrl/src/preview_ctrl.cpp:93:3:[m[K [01;36m[Knote: [m[Kin expansion of macro ‘[01m[KROS_INFO[m[K’
   93 |   [01;36m[KROS_INFO[m[K("delay_step = %f", delay_step);
      |   [01;36m[K^~~~~~~~[m[K
[01m[K/home/hmc/usafe_ws/src/ctrl_pkg/preview_ctrl/src/preview_ctrl.cpp:93:27:[m[K [01;36m[Knote: [m[Kformat string is defined here
   93 |   ROS_INFO("delay_step = [01;36m[K%f[m[K", delay_step);
      |                          [01;36m[K~^[m[K
      |                           [01;36m[K|[m[K
      |                           [01;36m[Kdouble[m[K
      |                          [32m[K%d[m[K
[01m[K/home/hmc/usafe_ws/src/ctrl_pkg/preview_ctrl/src/preview_ctrl.cpp:[m[K In member function ‘[01m[Kvoid PreviewCtrl::ControlLoop()[m[K’:
[01m[K/home/hmc/usafe_ws/src/ctrl_pkg/preview_ctrl/src/preview_ctrl.cpp:405:31:[m[K [01;35m[Kwarning: [m[Kcomparison of integer expressions of different signedness: ‘[01m[Kstd::vector<double>::size_type[m[K’ {aka ‘[01m[Klong unsigned int[m[K’} and ‘[01m[Kint[m[K’ [[01;35m[K-Wsign-compare[m[K]
  405 |         if([01;35m[Kdelta_buffer.size()>delay_step[m[K){
      |            [01;35m[K~~~~~~~~~~~~~~~~~~~^~~~~~~~~~~[m[K
[01m[K/home/hmc/usafe_ws/src/ctrl_pkg/preview_ctrl/src/preview_ctrl.cpp:[m[K In member function ‘[01m[Kbool PreviewCtrl::stateSetup()[m[K’:
[01m[K/home/hmc/usafe_ws/src/ctrl_pkg/preview_ctrl/src/preview_ctrl.cpp:472:22:[m[K [01;35m[Kwarning: [m[Kcomparison of integer expressions of different signedness: ‘[01m[Kint[m[K’ and ‘[01m[Kstd::vector<double>::size_type[m[K’ {aka ‘[01m[Klong unsigned int[m[K’} [[01;35m[K-Wsign-compare[m[K]
  472 |       for(int i=0; [01;35m[Ki < delta_buffer.size()[m[K; i++){
      |                    [01;35m[K~~^~~~~~~~~~~~~~~~~~~~~[m[K
[01m[K/home/hmc/usafe_ws/src/ctrl_pkg/preview_ctrl/src/preview_ctrl.cpp:[m[K In member function ‘[01m[Kvoid PreviewCtrl::callbackRefPath(const ConstPtr&)[m[K’:
[01m[K/home/hmc/usafe_ws/src/ctrl_pkg/preview_ctrl/src/preview_ctrl.cpp:591:16:[m[K [01;35m[Kwarning: [m[Kunused variable ‘[01m[Kmax_k[m[K’ [[01;35m[K-Wunused-variable[m[K]
  591 |   const double [01;35m[Kmax_k[m[K = *max_element(traj.k.begin(), traj.k.end());
      |                [01;35m[K^~~~~[m[K
[01m[K/home/hmc/usafe_ws/src/ctrl_pkg/preview_ctrl/src/preview_ctrl.cpp:592:16:[m[K [01;35m[Kwarning: [m[Kunused variable ‘[01m[Kmin_k[m[K’ [[01;35m[K-Wunused-variable[m[K]
  592 |   const double [01;35m[Kmin_k[m[K = *min_element(traj.k.begin(), traj.k.end());
      |                [01;35m[K^~~~~[m[K
In file included from [01m[K/opt/ros/melodic/include/ros/ros.h:40[m[K,
                 from [01m[K/home/hmc/usafe_ws/src/ctrl_pkg/preview_ctrl/include/preview_ctrl.h:26[m[K,
                 from [01m[K/home/hmc/usafe_ws/src/ctrl_pkg/preview_ctrl/src/preview_ctrl.cpp:34[m[K:
[01m[K/home/hmc/usafe_ws/src/ctrl_pkg/preview_ctrl/src/preview_ctrl.cpp:[m[K In constructor ‘[01m[KPreviewCtrl::PreviewCtrl(ros::NodeHandle&, ros::NodeHandle&)[m[K’:
[01m[K/home/hmc/usafe_ws/src/ctrl_pkg/preview_ctrl/src/preview_ctrl.cpp:93:12:[m[K [01;35m[Kwarning: [m[Kformat ‘[01m[K%f[m[K’ expects argument of type ‘[01m[Kdouble[m[K’, but argument 8 has type ‘[01m[Kint[m[K’ [[01;35m[K-Wformat=[m[K]
   93 |   ROS_INFO([01;35m[K"delay_step = %f"[m[K, [32m[Kdelay_step[m[K);
      |            [01;35m[K^~~~~~~~~~~~~~~~~[m[K  [32m[K~~~~~~~~~~[m[K
      |                               [32m[K|[m[K
      |                               [32m[Kint[m[K
[01m[K/opt/ros/melodic/include/ros/console.h:348:165:[m[K [01;36m[Knote: [m[Kin definition of macro ‘[01m[KROSCONSOLE_PRINT_AT_LOCATION_WITH_FILTER[m[K’
  348 |     ::ros::console::print(filter, __rosconsole_define_location__loc.logger_, __rosconsole_define_location__loc.level_, __FILE__, __LINE__, __ROSCONSOLE_FUNCTION__, [01;36m[K__VA_ARGS__[m[K)
      |                                                                                                                                                                     [01;36m[K^~~~~~~~~~~[m[K
[01m[K/opt/ros/melodic/include/ros/console.h:387:7:[m[K [01;36m[Knote: [m[Kin expansion of macro ‘[01m[KROSCONSOLE_PRINT_AT_LOCATION[m[K’
  387 |       [01;36m[KROSCONSOLE_PRINT_AT_LOCATION[m[K(__VA_ARGS__); \
      |       [01;36m[K^~~~~~~~~~~~~~~~~~~~~~~~~~~~[m[K
[01m[K/opt/ros/melodic/include/ros/console.h:572:35:[m[K [01;36m[Knote: [m[Kin expansion of macro ‘[01m[KROS_LOG_COND[m[K’
  572 | #define ROS_LOG(level, name, ...) [01;36m[KROS_LOG_COND[m[K(true, level, name, __VA_ARGS__)
      |                                   [01;36m[K^~~~~~~~~~~~[m[K
[01m[K/opt/ros/melodic/include/rosconsole/macros_generated.h:110:23:[m[K [01;36m[Knote: [m[Kin expansion of macro ‘[01m[KROS_LOG[m[K’
  110 | #define ROS_INFO(...) [01;36m[KROS_LOG[m[K(::ros::console::levels::Info, ROSCONSOLE_DEFAULT_NAME, __VA_ARGS__)
      |                       [01;36m[K^~~~~~~[m[K
[01m[K/home/hmc/usafe_ws/src/ctrl_pkg/preview_ctrl/src/preview_ctrl.cpp:93:3:[m[K [01;36m[Knote: [m[Kin expansion of macro ‘[01m[KROS_INFO[m[K’
   93 |   [01;36m[KROS_INFO[m[K("delay_step = %f", delay_step);
      |   [01;36m[K^~~~~~~~[m[K
[01m[K/home/hmc/usafe_ws/src/ctrl_pkg/preview_ctrl/src/preview_ctrl.cpp:93:27:[m[K [01;36m[Knote: [m[Kformat string is defined here
   93 |   ROS_INFO("delay_step = [01;36m[K%f[m[K", delay_step);
      |                          [01;36m[K~^[m[K
      |                           [01;36m[K|[m[K
      |                           [01;36m[Kdouble[m[K
      |                          [32m[K%d[m[K
[01m[K/home/hmc/usafe_ws/src/ctrl_pkg/preview_ctrl/src/preview_ctrl.cpp:[m[K In member function ‘[01m[Kvoid PreviewCtrl::ControlLoop()[m[K’:
[01m[K/home/hmc/usafe_ws/src/ctrl_pkg/preview_ctrl/src/preview_ctrl.cpp:405:31:[m[K [01;35m[Kwarning: [m[Kcomparison of integer expressions of different signedness: ‘[01m[Kstd::vector<double>::size_type[m[K’ {aka ‘[01m[Klong unsigned int[m[K’} and ‘[01m[Kint[m[K’ [[01;35m[K-Wsign-compare[m[K]
  405 |         if([01;35m[Kdelta_buffer.size()>delay_step[m[K){
      |            [01;35m[K~~~~~~~~~~~~~~~~~~~^~~~~~~~~~~[m[K
[01m[K/home/hmc/usafe_ws/src/ctrl_pkg/preview_ctrl/src/preview_ctrl.cpp:[m[K In member function ‘[01m[Kbool PreviewCtrl::stateSetup()[m[K’:
[01m[K/home/hmc/usafe_ws/src/ctrl_pkg/preview_ctrl/src/preview_ctrl.cpp:472:22:[m[K [01;35m[Kwarning: [m[Kcomparison of integer expressions of different signedness: ‘[01m[Kint[m[K’ and ‘[01m[Kstd::vector<double>::size_type[m[K’ {aka ‘[01m[Klong unsigned int[m[K’} [[01;35m[K-Wsign-compare[m[K]
  472 |       for(int i=0; [01;35m[Ki < delta_buffer.size()[m[K; i++){
      |                    [01;35m[K~~^~~~~~~~~~~~~~~~~~~~~[m[K
[01m[K/home/hmc/usafe_ws/src/ctrl_pkg/preview_ctrl/src/preview_ctrl.cpp:[m[K In member function ‘[01m[Kvoid PreviewCtrl::callbackRefPath(const ConstPtr&)[m[K’:
[01m[K/home/hmc/usafe_ws/src/ctrl_pkg/preview_ctrl/src/preview_ctrl.cpp:591:16:[m[K [01;35m[Kwarning: [m[Kunused variable ‘[01m[Kmax_k[m[K’ [[01;35m[K-Wunused-variable[m[K]
  591 |   const double [01;35m[Kmax_k[m[K = *max_element(traj.k.begin(), traj.k.end());
      |                [01;35m[K^~~~~[m[K
[01m[K/home/hmc/usafe_ws/src/ctrl_pkg/preview_ctrl/src/preview_ctrl.cpp:592:16:[m[K [01;35m[Kwarning: [m[Kunused variable ‘[01m[Kmin_k[m[K’ [[01;35m[K-Wunused-variable[m[K]
  592 |   const double [01;35m[Kmin_k[m[K = *min_element(traj.k.begin(), traj.k.end());
      |                [01;35m[K^~~~~[m[K
[ 93%] [32m[1mLinking CXX executable /home/hmc/usafe_ws/devel/.private/preview_ctrl/lib/preview_ctrl/preview_ctrl[0m
[100%] [32m[1mLinking CXX executable /home/hmc/usafe_ws/devel/.private/preview_ctrl/lib/preview_ctrl/dynamic_reconfigure_node[0m
[100%] Built target preview_ctrl
[100%] Built target dynamic_reconfigure_node
