[  0%] Built target can_msgs_generate_messages_py
[  0%] Built target nav_msgs_generate_messages_cpp
[  0%] Built target nav_msgs_generate_messages_nodejs
[  0%] Built target geometry_msgs_generate_messages_eus
[  0%] Built target nav_msgs_generate_messages_lisp
[  6%] Built target preview_ctrl_gencfg
[  6%] Built target nav_msgs_generate_messages_py
[  6%] Built target geometry_msgs_generate_messages_nodejs
[  6%] Built target geometry_msgs_generate_messages_cpp
[  6%] Built target std_msgs_generate_messages_nodejs
[  6%] Built target geometry_msgs_generate_messages_py
[  6%] Built target std_msgs_generate_messages_lisp
[  6%] Built target geometry_msgs_generate_messages_lisp
[  6%] Built target std_msgs_generate_messages_cpp
[  6%] Built target nav_msgs_generate_messages_eus
[  6%] Built target std_msgs_generate_messages_eus
[  6%] Built target actionlib_msgs_generate_messages_nodejs
[  6%] Built target _catkin_empty_exported_target
[  6%] Built target std_msgs_generate_messages_py
[  6%] Built target actionlib_msgs_generate_messages_lisp
[  6%] Built target roscpp_generate_messages_cpp
[  6%] Built target roscpp_generate_messages_lisp
[  6%] Built target roscpp_generate_messages_eus
[  6%] Built target actionlib_msgs_generate_messages_cpp
[  6%] Built target actionlib_msgs_generate_messages_eus
[  6%] Built target actionlib_msgs_generate_messages_py
[  6%] Built target rosgraph_msgs_generate_messages_lisp
[  6%] Built target roscpp_generate_messages_nodejs
[  6%] Built target rosgraph_msgs_generate_messages_eus
[  6%] Built target rosgraph_msgs_generate_messages_cpp
[  6%] Built target roscpp_generate_messages_py
[  6%] Built target rosgraph_msgs_generate_messages_nodejs
[  6%] Built target sensor_msgs_generate_messages_cpp
[  6%] Built target sensor_msgs_generate_messages_lisp
[  6%] Built target rosgraph_msgs_generate_messages_py
[  6%] Built target sensor_msgs_generate_messages_eus
[  6%] Built target sensor_msgs_generate_messages_nodejs
[  6%] Built target visualization_msgs_generate_messages_nodejs
[  6%] Built target visualization_msgs_generate_messages_cpp
[  6%] Built target ackermann_msgs_generate_messages_cpp
[  6%] Built target visualization_msgs_generate_messages_lisp
[  6%] Built target visualization_msgs_generate_messages_eus
[  6%] Built target visualization_msgs_generate_messages_py
[  6%] Built target sensor_msgs_generate_messages_py
[  6%] Built target ackermann_msgs_generate_messages_lisp
[  6%] Built target ackermann_msgs_generate_messages_py
[  6%] Built target ackermann_msgs_generate_messages_eus
[  6%] Built target ackermann_msgs_generate_messages_nodejs
[  6%] Built target tf_generate_messages_cpp
[  6%] Built target tf_generate_messages_lisp
[  6%] Built target actionlib_generate_messages_eus
[  6%] Built target actionlib_generate_messages_nodejs
[  6%] Built target tf_generate_messages_nodejs
[  6%] Built target tf_generate_messages_eus
[  6%] Built target actionlib_generate_messages_py
[  6%] Built target tf2_msgs_generate_messages_eus
[  6%] Built target actionlib_generate_messages_lisp
[  6%] Built target actionlib_generate_messages_cpp
[  6%] Built target tf2_msgs_generate_messages_nodejs
[  6%] Built target tf_generate_messages_py
[  6%] Built target tf2_msgs_generate_messages_py
[  6%] Built target tf2_msgs_generate_messages_lisp
[  6%] Built target tf2_msgs_generate_messages_cpp
[  6%] Built target hmcl_msgs_generate_messages_cpp
[  6%] Built target hmcl_msgs_generate_messages_eus
[  6%] Built target hmcl_msgs_generate_messages_nodejs
[  6%] Built target carla_msgs_generate_messages_eus
[  6%] Built target hmcl_msgs_generate_messages_lisp
[  6%] Built target carla_msgs_generate_messages_cpp
[  6%] Built target carla_msgs_generate_messages_nodejs
[  6%] Built target carla_msgs_generate_messages_lisp
[  6%] Built target diagnostic_msgs_generate_messages_cpp
[  6%] Built target carla_msgs_generate_messages_py
[  6%] Built target diagnostic_msgs_generate_messages_nodejs
[  6%] Built target diagnostic_msgs_generate_messages_eus
[  6%] Built target hmcl_msgs_generate_messages_py
[  6%] Built target diagnostic_msgs_generate_messages_lisp
[  6%] Built target dynamic_reconfigure_generate_messages_cpp
[  6%] Built target diagnostic_msgs_generate_messages_py
[  6%] Built target dynamic_reconfigure_generate_messages_eus
[  6%] Built target dynamic_reconfigure_generate_messages_lisp
[  6%] Built target dynamic_reconfigure_generate_messages_nodejs
[  6%] Built target can_msgs_generate_messages_cpp
[  6%] Built target dynamic_reconfigure_generate_messages_py
[  6%] Built target can_msgs_generate_messages_eus
[  6%] Built target dynamic_reconfigure_gencfg
[  6%] Built target can_msgs_generate_messages_lisp
[  6%] Built target can_msgs_generate_messages_nodejs
[35m[1mConsolidate compiler generated dependencies of target dynamic_reconfigure_node[0m
[35m[1mConsolidate compiler generated dependencies of target preview_ctrl[0m
[ 13%] [32mBuilding CXX object CMakeFiles/dynamic_reconfigure_node.dir/src/utils.cpp.o[0m
[ 20%] [32mBuilding CXX object CMakeFiles/preview_ctrl.dir/src/utils.cpp.o[0m
[ 26%] [32m[1mLinking CXX executable /home/hmc/usafe_ws/devel/.private/preview_ctrl/lib/preview_ctrl/preview_ctrl[0m
[ 33%] [32m[1mLinking CXX executable /home/hmc/usafe_ws/devel/.private/preview_ctrl/lib/preview_ctrl/dynamic_reconfigure_node[0m
[ 66%] Built target preview_ctrl
[100%] Built target dynamic_reconfigure_node
